{"/home/travis/build/npmtest/node-npmtest-musicmetadata/test.js":{"path":"/home/travis/build/npmtest/node-npmtest-musicmetadata/test.js","s":{"1":2,"2":2,"3":2,"4":2,"5":2,"6":2,"7":2,"8":1,"9":2,"10":2,"11":1,"12":1,"13":1,"14":1,"15":2,"16":2,"17":2,"18":2,"19":1,"20":1,"21":2,"22":2,"23":2,"24":1,"25":1,"26":1,"27":1,"28":1,"29":1,"30":1,"31":1,"32":1,"33":1,"34":1,"35":1,"36":1,"37":1,"38":1,"39":2,"40":2,"41":1,"42":2,"43":2,"44":1,"45":2,"46":2,"47":1,"48":2,"49":2,"50":1,"51":1,"52":1,"53":1,"54":1},"b":{"1":[2,1,1,1],"2":[1,1,1,1],"3":[1,1],"4":[1,1],"5":[1,1],"6":[1,1],"7":[1,1],"8":[1,1],"9":[1,1],"10":[1,1,1],"11":[1,1],"12":[1,1],"13":[1,1],"14":[1,1],"15":[1,1],"16":[1,1],"17":[1,1]},"f":{"1":2,"2":2,"3":2,"4":2,"5":2,"6":1,"7":1,"8":1,"9":2,"10":2,"11":2,"12":2,"13":1},"fnMap":{"1":{"name":"(anonymous_1)","line":12,"loc":{"start":{"line":12,"column":1},"end":{"line":12,"column":13}}},"2":{"name":"(anonymous_2)","line":19,"loc":{"start":{"line":19,"column":5},"end":{"line":19,"column":17}}},"3":{"name":"(anonymous_3)","line":23,"loc":{"start":{"line":23,"column":24},"end":{"line":23,"column":36}}},"4":{"name":"(anonymous_4)","line":61,"loc":{"start":{"line":61,"column":5},"end":{"line":61,"column":17}}},"5":{"name":"(anonymous_5)","line":82,"loc":{"start":{"line":82,"column":5},"end":{"line":82,"column":17}}},"6":{"name":"(anonymous_6)","line":91,"loc":{"start":{"line":91,"column":77},"end":{"line":94,"column":10}}},"7":{"name":"(anonymous_7)","line":112,"loc":{"start":{"line":112,"column":83},"end":{"line":115,"column":10}},"skip":true},"8":{"name":"(anonymous_8)","line":123,"loc":{"start":{"line":123,"column":77},"end":{"line":126,"column":10}},"skip":true},"9":{"name":"(anonymous_9)","line":139,"loc":{"start":{"line":139,"column":12},"end":{"line":139,"column":40}},"skip":true},"10":{"name":"(anonymous_10)","line":147,"loc":{"start":{"line":147,"column":77},"end":{"line":150,"column":10}},"skip":true},"11":{"name":"(anonymous_11)","line":158,"loc":{"start":{"line":158,"column":83},"end":{"line":161,"column":10}},"skip":true},"12":{"name":"(anonymous_12)","line":169,"loc":{"start":{"line":169,"column":79},"end":{"line":172,"column":10}},"skip":true},"13":{"name":"(anonymous_13)","line":180,"loc":{"start":{"line":180,"column":75},"end":{"line":183,"column":10}},"skip":true}},"statementMap":{"1":{"start":{"line":12,"column":0},"end":{"line":195,"column":5}},"2":{"start":{"line":14,"column":4},"end":{"line":14,"column":14}},"3":{"start":{"line":19,"column":4},"end":{"line":56,"column":9}},"4":{"start":{"line":21,"column":8},"end":{"line":21,"column":19}},"5":{"start":{"line":23,"column":8},"end":{"line":35,"column":13}},"6":{"start":{"line":24,"column":12},"end":{"line":34,"column":13}},"7":{"start":{"line":25,"column":16},"end":{"line":28,"column":30}},"8":{"start":{"line":30,"column":16},"end":{"line":33,"column":27}},"9":{"start":{"line":37,"column":8},"end":{"line":39,"column":21}},"10":{"start":{"line":40,"column":8},"end":{"line":53,"column":9}},"11":{"start":{"line":43,"column":12},"end":{"line":46,"column":14}},"12":{"start":{"line":47,"column":12},"end":{"line":47,"column":18}},"13":{"start":{"line":50,"column":12},"end":{"line":51,"column":33}},"14":{"start":{"line":52,"column":12},"end":{"line":52,"column":18}},"15":{"start":{"line":55,"column":8},"end":{"line":55,"column":35}},"16":{"start":{"line":61,"column":4},"end":{"line":63,"column":9}},"17":{"start":{"line":62,"column":8},"end":{"line":62,"column":15}},"18":{"start":{"line":64,"column":4},"end":{"line":77,"column":5}},"19":{"start":{"line":70,"column":8},"end":{"line":70,"column":14}},"20":{"start":{"line":76,"column":8},"end":{"line":76,"column":14}},"21":{"start":{"line":82,"column":4},"end":{"line":84,"column":9}},"22":{"start":{"line":83,"column":8},"end":{"line":83,"column":15}},"23":{"start":{"line":85,"column":4},"end":{"line":194,"column":5}},"24":{"start":{"line":91,"column":8},"end":{"line":99,"column":10}},"25":{"start":{"line":98,"column":12},"end":{"line":98,"column":35}},"26":{"start":{"line":102,"column":8},"end":{"line":104,"column":63}},"27":{"start":{"line":105,"column":8},"end":{"line":105,"column":14}},"28":{"start":{"line":112,"column":8},"end":{"line":121,"column":10},"skip":true},"29":{"start":{"line":119,"column":12},"end":{"line":119,"column":55},"skip":true},"30":{"start":{"line":120,"column":12},"end":{"line":120,"column":48},"skip":true},"31":{"start":{"line":123,"column":8},"end":{"line":136,"column":10},"skip":true},"32":{"start":{"line":130,"column":12},"end":{"line":130,"column":76},"skip":true},"33":{"start":{"line":131,"column":12},"end":{"line":131,"column":73},"skip":true},"34":{"start":{"line":132,"column":12},"end":{"line":132,"column":74},"skip":true},"35":{"start":{"line":133,"column":12},"end":{"line":133,"column":79},"skip":true},"36":{"start":{"line":134,"column":12},"end":{"line":134,"column":25},"skip":true},"37":{"start":{"line":135,"column":12},"end":{"line":135,"column":45},"skip":true},"38":{"start":{"line":138,"column":8},"end":{"line":145,"column":14},"skip":true},"39":{"start":{"line":143,"column":16},"end":{"line":143,"column":29},"skip":true},"40":{"start":{"line":144,"column":16},"end":{"line":144,"column":55},"skip":true},"41":{"start":{"line":147,"column":8},"end":{"line":156,"column":10},"skip":true},"42":{"start":{"line":154,"column":12},"end":{"line":154,"column":25},"skip":true},"43":{"start":{"line":155,"column":12},"end":{"line":155,"column":45},"skip":true},"44":{"start":{"line":158,"column":8},"end":{"line":167,"column":10},"skip":true},"45":{"start":{"line":165,"column":12},"end":{"line":165,"column":25},"skip":true},"46":{"start":{"line":166,"column":12},"end":{"line":166,"column":48},"skip":true},"47":{"start":{"line":169,"column":8},"end":{"line":178,"column":10},"skip":true},"48":{"start":{"line":176,"column":12},"end":{"line":176,"column":25},"skip":true},"49":{"start":{"line":177,"column":12},"end":{"line":177,"column":46},"skip":true},"50":{"start":{"line":180,"column":8},"end":{"line":189,"column":10},"skip":true},"51":{"start":{"line":187,"column":12},"end":{"line":187,"column":94},"skip":true},"52":{"start":{"line":188,"column":12},"end":{"line":188,"column":48},"skip":true},"53":{"start":{"line":192,"column":8},"end":{"line":192,"column":35},"skip":true},"54":{"start":{"line":193,"column":8},"end":{"line":193,"column":14},"skip":true}},"branchMap":{"1":{"line":25,"type":"binary-expr","locations":[{"start":{"line":25,"column":23},"end":{"line":25,"column":62}},{"start":{"line":26,"column":20},"end":{"line":26,"column":70}},{"start":{"line":27,"column":20},"end":{"line":27,"column":71}},{"start":{"line":28,"column":20},"end":{"line":28,"column":29}}]},"2":{"line":30,"type":"binary-expr","locations":[{"start":{"line":30,"column":23},"end":{"line":30,"column":37}},{"start":{"line":31,"column":20},"end":{"line":31,"column":61}},{"start":{"line":32,"column":20},"end":{"line":32,"column":70}},{"start":{"line":33,"column":20},"end":{"line":33,"column":26}}]},"3":{"line":37,"type":"cond-expr","locations":[{"start":{"line":38,"column":14},"end":{"line":38,"column":20}},{"start":{"line":39,"column":14},"end":{"line":39,"column":20}}]},"4":{"line":40,"type":"switch","locations":[{"start":{"line":42,"column":8},"end":{"line":47,"column":18}},{"start":{"line":49,"column":8},"end":{"line":52,"column":18}}]},"5":{"line":44,"type":"binary-expr","locations":[{"start":{"line":44,"column":16},"end":{"line":44,"column":44}},{"start":{"line":44,"column":48},"end":{"line":44,"column":66}}]},"6":{"line":50,"type":"binary-expr","locations":[{"start":{"line":50,"column":21},"end":{"line":50,"column":49}},{"start":{"line":50,"column":53},"end":{"line":50,"column":72}}]},"7":{"line":64,"type":"switch","locations":[{"start":{"line":69,"column":4},"end":{"line":70,"column":14}},{"start":{"line":75,"column":4},"end":{"line":76,"column":14}}]},"8":{"line":85,"type":"switch","locations":[{"start":{"line":90,"column":4},"end":{"line":105,"column":14}},{"start":{"line":111,"column":4},"end":{"line":193,"column":14},"skip":true}]},"9":{"line":91,"type":"binary-expr","locations":[{"start":{"line":91,"column":42},"end":{"line":91,"column":73}},{"start":{"line":91,"column":77},"end":{"line":99,"column":9}}]},"10":{"line":102,"type":"binary-expr","locations":[{"start":{"line":102,"column":18},"end":{"line":102,"column":32}},{"start":{"line":103,"column":12},"end":{"line":103,"column":53}},{"start":{"line":104,"column":12},"end":{"line":104,"column":61}}]},"11":{"line":112,"type":"binary-expr","locations":[{"start":{"line":112,"column":45},"end":{"line":112,"column":79},"skip":true},{"start":{"line":112,"column":83},"end":{"line":121,"column":9},"skip":true}]},"12":{"line":123,"type":"binary-expr","locations":[{"start":{"line":123,"column":42},"end":{"line":123,"column":73},"skip":true},{"start":{"line":123,"column":77},"end":{"line":136,"column":9},"skip":true}]},"13":{"line":138,"type":"binary-expr","locations":[{"start":{"line":138,"column":48},"end":{"line":138,"column":85},"skip":true},{"start":{"line":139,"column":12},"end":{"line":145,"column":13},"skip":true}]},"14":{"line":147,"type":"binary-expr","locations":[{"start":{"line":147,"column":42},"end":{"line":147,"column":73},"skip":true},{"start":{"line":147,"column":77},"end":{"line":156,"column":9},"skip":true}]},"15":{"line":158,"type":"binary-expr","locations":[{"start":{"line":158,"column":45},"end":{"line":158,"column":79},"skip":true},{"start":{"line":158,"column":83},"end":{"line":167,"column":9},"skip":true}]},"16":{"line":169,"type":"binary-expr","locations":[{"start":{"line":169,"column":43},"end":{"line":169,"column":75},"skip":true},{"start":{"line":169,"column":79},"end":{"line":178,"column":9},"skip":true}]},"17":{"line":180,"type":"binary-expr","locations":[{"start":{"line":180,"column":41},"end":{"line":180,"column":71},"skip":true},{"start":{"line":180,"column":75},"end":{"line":189,"column":9},"skip":true}]}},"code":["/* istanbul instrument in package npmtest_musicmetadata */","/*jslint","    bitwise: true,","    browser: true,","    maxerr: 8,","    maxlen: 96,","    node: true,","    nomen: true,","    regexp: true,","    stupid: true","*/","(function () {","    'use strict';","    var local;","","","","    // run shared js-env code - init-before","    (function () {","        // init local","        local = {};","        // init modeJs","        local.modeJs = (function () {","            try {","                return typeof navigator.userAgent === 'string' &&","                    typeof document.querySelector('body') === 'object' &&","                    typeof XMLHttpRequest.prototype.open === 'function' &&","                    'browser';","            } catch (errorCaughtBrowser) {","                return module.exports &&","                    typeof process.versions.node === 'string' &&","                    typeof require('http').createServer === 'function' &&","                    'node';","            }","        }());","        // init global","        local.global = local.modeJs === 'browser'","            ? window","            : global;","        switch (local.modeJs) {","        // re-init local from window.local","        case 'browser':","            local = local.global.utility2.objectSetDefault(","                local.global.utility2_rollup || local.global.local,","                local.global.utility2","            );","            break;","        // re-init local from example.js","        case 'node':","            local = (local.global.utility2_rollup || require('utility2'))","                .requireReadme();","            break;","        }","        // export local","        local.global.local = local;","    }());","","","","    // run shared js-env code - function","    (function () {","        return;","    }());","    switch (local.modeJs) {","","","","    // run browser js-env code - function","    case 'browser':","        break;","","","","    // run node js-env code - function","    case 'node':","        break;","    }","","","","    // run shared js-env code - init-after","    (function () {","        return;","    }());","    switch (local.modeJs) {","","","","    // run browser js-env code - init-after","    case 'browser':","        local.testCase_browser_nullCase = local.testCase_browser_nullCase || function (","            options,","            onError","        ) {","        /*","         * this function will test browsers's null-case handling-behavior-behavior","         */","            onError(null, options);","        };","","        // run tests","        local.nop(local.modeTest &&","            document.querySelector('#testRunButton1') &&","            document.querySelector('#testRunButton1').click());","        break;","","","","    // run node js-env code - init-after","    /* istanbul ignore next */","    case 'node':","        local.testCase_buildApidoc_default = local.testCase_buildApidoc_default || function (","            options,","            onError","        ) {","        /*","         * this function will test buildApidoc's default handling-behavior-behavior","         */","            options = { modulePathList: module.paths };","            local.buildApidoc(options, onError);","        };","","        local.testCase_buildApp_default = local.testCase_buildApp_default || function (","            options,","            onError","        ) {","        /*","         * this function will test buildApp's default handling-behavior-behavior","         */","            local.testCase_buildReadme_default(options, local.onErrorThrow);","            local.testCase_buildLib_default(options, local.onErrorThrow);","            local.testCase_buildTest_default(options, local.onErrorThrow);","            local.testCase_buildCustomOrg_default(options, local.onErrorThrow);","            options = [];","            local.buildApp(options, onError);","        };","","        local.testCase_buildCustomOrg_default = local.testCase_buildCustomOrg_default ||","            function (options, onError) {","            /*","             * this function will test buildCustomOrg's default handling-behavior","             */","                options = {};","                local.buildCustomOrg(options, onError);","            };","","        local.testCase_buildLib_default = local.testCase_buildLib_default || function (","            options,","            onError","        ) {","        /*","         * this function will test buildLib's default handling-behavior","         */","            options = {};","            local.buildLib(options, onError);","        };","","        local.testCase_buildReadme_default = local.testCase_buildReadme_default || function (","            options,","            onError","        ) {","        /*","         * this function will test buildReadme's default handling-behavior-behavior","         */","            options = {};","            local.buildReadme(options, onError);","        };","","        local.testCase_buildTest_default = local.testCase_buildTest_default || function (","            options,","            onError","        ) {","        /*","         * this function will test buildTest's default handling-behavior","         */","            options = {};","            local.buildTest(options, onError);","        };","","        local.testCase_webpage_default = local.testCase_webpage_default || function (","            options,","            onError","        ) {","        /*","         * this function will test webpage's default handling-behavior","         */","            options = { modeCoverageMerge: true, url: local.serverLocalHost + '?modeTest=1' };","            local.browserTest(options, onError);","        };","","        // run test-server","        local.testRunServer(local);","        break;","    }","}());",""],"l":{"12":2,"14":2,"19":2,"21":2,"23":2,"24":2,"25":2,"30":1,"37":2,"40":2,"43":1,"47":1,"50":1,"52":1,"55":2,"61":2,"62":2,"64":2,"70":1,"76":1,"82":2,"83":2,"85":2,"91":1,"98":1,"102":1,"105":1,"112":1,"119":1,"120":1,"123":1,"130":1,"131":1,"132":1,"133":1,"134":1,"135":1,"138":1,"143":2,"144":2,"147":1,"154":2,"155":2,"158":1,"165":2,"166":2,"169":1,"176":2,"177":2,"180":1,"187":1,"188":1,"192":1,"193":1}},"/home/travis/build/npmtest/node-npmtest-musicmetadata/lib.npmtest_musicmetadata.js":{"path":"/home/travis/build/npmtest/node-npmtest-musicmetadata/lib.npmtest_musicmetadata.js","s":{"1":2,"2":2,"3":2,"4":2,"5":2,"6":2,"7":2,"8":1,"9":2,"10":2,"11":2,"12":2,"13":1,"14":1,"15":1,"16":1},"b":{"1":[2,1,1,1],"2":[1,1,1,1],"3":[1,1],"4":[2,2],"5":[1,1]},"f":{"1":2,"2":2,"3":2},"fnMap":{"1":{"name":"(anonymous_1)","line":12,"loc":{"start":{"line":12,"column":1},"end":{"line":12,"column":13}}},"2":{"name":"(anonymous_2)","line":19,"loc":{"start":{"line":19,"column":5},"end":{"line":19,"column":17}}},"3":{"name":"(anonymous_3)","line":23,"loc":{"start":{"line":23,"column":24},"end":{"line":23,"column":36}}}},"statementMap":{"1":{"start":{"line":12,"column":0},"end":{"line":53,"column":5}},"2":{"start":{"line":14,"column":4},"end":{"line":14,"column":14}},"3":{"start":{"line":19,"column":4},"end":{"line":52,"column":9}},"4":{"start":{"line":21,"column":8},"end":{"line":21,"column":19}},"5":{"start":{"line":23,"column":8},"end":{"line":35,"column":13}},"6":{"start":{"line":24,"column":12},"end":{"line":34,"column":13}},"7":{"start":{"line":25,"column":16},"end":{"line":28,"column":30}},"8":{"start":{"line":30,"column":16},"end":{"line":33,"column":27}},"9":{"start":{"line":37,"column":8},"end":{"line":39,"column":21}},"10":{"start":{"line":41,"column":8},"end":{"line":41,"column":54}},"11":{"start":{"line":43,"column":8},"end":{"line":43,"column":58}},"12":{"start":{"line":45,"column":8},"end":{"line":51,"column":9}},"13":{"start":{"line":46,"column":12},"end":{"line":46,"column":64}},"14":{"start":{"line":48,"column":12},"end":{"line":48,"column":35}},"15":{"start":{"line":49,"column":12},"end":{"line":49,"column":49}},"16":{"start":{"line":50,"column":12},"end":{"line":50,"column":43}}},"branchMap":{"1":{"line":25,"type":"binary-expr","locations":[{"start":{"line":25,"column":23},"end":{"line":25,"column":62}},{"start":{"line":26,"column":20},"end":{"line":26,"column":70}},{"start":{"line":27,"column":20},"end":{"line":27,"column":71}},{"start":{"line":28,"column":20},"end":{"line":28,"column":29}}]},"2":{"line":30,"type":"binary-expr","locations":[{"start":{"line":30,"column":23},"end":{"line":30,"column":37}},{"start":{"line":31,"column":20},"end":{"line":31,"column":61}},{"start":{"line":32,"column":20},"end":{"line":32,"column":70}},{"start":{"line":33,"column":20},"end":{"line":33,"column":26}}]},"3":{"line":37,"type":"cond-expr","locations":[{"start":{"line":38,"column":14},"end":{"line":38,"column":20}},{"start":{"line":39,"column":14},"end":{"line":39,"column":20}}]},"4":{"line":41,"type":"binary-expr","locations":[{"start":{"line":41,"column":16},"end":{"line":41,"column":44}},{"start":{"line":41,"column":48},"end":{"line":41,"column":53}}]},"5":{"line":45,"type":"if","locations":[{"start":{"line":45,"column":8},"end":{"line":45,"column":8}},{"start":{"line":45,"column":8},"end":{"line":45,"column":8}}]}},"code":["/* istanbul instrument in package npmtest_musicmetadata */","/*jslint","    bitwise: true,","    browser: true,","    maxerr: 8,","    maxlen: 96,","    node: true,","    nomen: true,","    regexp: true,","    stupid: true","*/","(function () {","    'use strict';","    var local;","","","","    // run shared js-env code - init-before","    (function () {","        // init local","        local = {};","        // init modeJs","        local.modeJs = (function () {","            try {","                return typeof navigator.userAgent === 'string' &&","                    typeof document.querySelector('body') === 'object' &&","                    typeof XMLHttpRequest.prototype.open === 'function' &&","                    'browser';","            } catch (errorCaughtBrowser) {","                return module.exports &&","                    typeof process.versions.node === 'string' &&","                    typeof require('http').createServer === 'function' &&","                    'node';","            }","        }());","        // init global","        local.global = local.modeJs === 'browser'","            ? window","            : global;","        // init utility2_rollup","        local = local.global.utility2_rollup || local;","        // init lib","        local.local = local.npmtest_musicmetadata = local;","        // init exports","        if (local.modeJs === 'browser') {","            local.global.utility2_npmtest_musicmetadata = local;","        } else {","            module.exports = local;","            module.exports.__dirname = __dirname;","            module.exports.module = module;","        }","    }());","}());",""],"l":{"12":2,"14":2,"19":2,"21":2,"23":2,"24":2,"25":2,"30":1,"37":2,"41":2,"43":2,"45":2,"46":1,"48":1,"49":1,"50":1}},"/home/travis/build/npmtest/node-npmtest-musicmetadata/example.js":{"path":"/home/travis/build/npmtest/node-npmtest-musicmetadata/example.js","s":{"1":2,"2":2,"3":2,"4":2,"5":2,"6":2,"7":2,"8":1,"9":2,"10":2,"11":2,"12":2,"13":1,"14":2,"15":2,"16":2,"17":2,"18":2,"19":0,"20":2,"21":1,"22":1,"23":1,"24":1,"25":1,"26":0,"27":0,"28":1,"29":1,"30":2,"31":0,"32":0,"33":0,"34":1,"35":2,"36":2,"37":3,"38":3,"39":3,"40":3,"41":0,"42":3,"43":3,"44":3,"45":1,"46":3,"47":1,"48":1,"49":1,"50":1,"51":1,"52":1,"53":1,"54":1,"55":1,"56":1,"57":0,"58":1,"59":6,"60":6,"61":1,"62":2,"63":0,"64":2,"65":1,"66":1,"67":0,"68":0,"69":0,"70":0,"71":0,"72":0,"73":0,"74":0,"75":0,"76":0,"77":0,"78":0,"79":0,"80":0,"81":0,"82":0,"83":0},"b":{"1":[2,1,1,1],"2":[1,1,1,1],"3":[1,1],"4":[2,2],"5":[1,1],"6":[1,1],"7":[2,0],"8":[2,1,1,1,1,1],"9":[0,2,0],"10":[1,1],"11":[2,1,1],"12":[1,0],"13":[0,2],"14":[2,0,0,0,0,0,0],"15":[0,3],"16":[3,0],"17":[1,1],"18":[0,1],"19":[1,2,0,2],"20":[1,0],"21":[1,1],"22":[0,0],"23":[0,0],"24":[0,0],"25":[0,0],"26":[0,0],"27":[0,0],"28":[0,0]},"f":{"1":2,"2":2,"3":2,"4":2,"5":2,"6":2,"7":3,"8":3,"9":3,"10":1,"11":6,"12":0},"fnMap":{"1":{"name":"(anonymous_1)","line":26,"loc":{"start":{"line":26,"column":1},"end":{"line":26,"column":13}}},"2":{"name":"(anonymous_2)","line":33,"loc":{"start":{"line":33,"column":5},"end":{"line":33,"column":17}}},"3":{"name":"(anonymous_3)","line":37,"loc":{"start":{"line":37,"column":24},"end":{"line":37,"column":36}}},"4":{"name":"(anonymous_4)","line":69,"loc":{"start":{"line":69,"column":31},"end":{"line":69,"column":48}},"skip":true},"5":{"name":"(anonymous_5)","line":78,"loc":{"start":{"line":78,"column":26},"end":{"line":78,"column":45}},"skip":true},"6":{"name":"(anonymous_6)","line":123,"loc":{"start":{"line":123,"column":33},"end":{"line":123,"column":48}},"skip":true},"7":{"name":"(anonymous_7)","line":125,"loc":{"start":{"line":125,"column":27},"end":{"line":125,"column":39}},"skip":true},"8":{"name":"(anonymous_8)","line":133,"loc":{"start":{"line":133,"column":59},"end":{"line":133,"column":74}},"skip":true},"9":{"name":"(anonymous_9)","line":143,"loc":{"start":{"line":143,"column":45},"end":{"line":143,"column":62}},"skip":true},"10":{"name":"(anonymous_10)","line":144,"loc":{"start":{"line":144,"column":73},"end":{"line":144,"column":92}},"skip":true},"11":{"name":"(anonymous_11)","line":272,"loc":{"start":{"line":272,"column":51},"end":{"line":272,"column":77}},"skip":true},"12":{"name":"(anonymous_12)","line":315,"loc":{"start":{"line":315,"column":32},"end":{"line":315,"column":61}},"skip":true}},"statementMap":{"1":{"start":{"line":26,"column":0},"end":{"line":326,"column":5}},"2":{"start":{"line":28,"column":4},"end":{"line":28,"column":14}},"3":{"start":{"line":33,"column":4},"end":{"line":60,"column":9}},"4":{"start":{"line":35,"column":8},"end":{"line":35,"column":19}},"5":{"start":{"line":37,"column":8},"end":{"line":49,"column":13}},"6":{"start":{"line":38,"column":12},"end":{"line":48,"column":13}},"7":{"start":{"line":39,"column":16},"end":{"line":42,"column":30}},"8":{"start":{"line":44,"column":16},"end":{"line":47,"column":27}},"9":{"start":{"line":51,"column":8},"end":{"line":53,"column":21}},"10":{"start":{"line":55,"column":8},"end":{"line":57,"column":45}},"11":{"start":{"line":59,"column":8},"end":{"line":59,"column":35}},"12":{"start":{"line":61,"column":4},"end":{"line":325,"column":5}},"13":{"start":{"line":69,"column":8},"end":{"line":121,"column":10},"skip":true},"14":{"start":{"line":70,"column":12},"end":{"line":88,"column":13},"skip":true},"15":{"start":{"line":76,"column":16},"end":{"line":87,"column":19},"skip":true},"16":{"start":{"line":79,"column":20},"end":{"line":86,"column":21},"skip":true},"17":{"start":{"line":82,"column":24},"end":{"line":82,"column":43},"skip":true},"18":{"start":{"line":83,"column":24},"end":{"line":83,"column":30},"skip":true},"19":{"start":{"line":85,"column":24},"end":{"line":85,"column":49},"skip":true},"20":{"start":{"line":89,"column":12},"end":{"line":107,"column":13},"skip":true},"21":{"start":{"line":92,"column":16},"end":{"line":102,"column":17},"skip":true},"22":{"start":{"line":93,"column":20},"end":{"line":93,"column":86},"skip":true},"23":{"start":{"line":94,"column":20},"end":{"line":95,"column":45},"skip":true},"24":{"start":{"line":96,"column":20},"end":{"line":96,"column":42},"skip":true},"25":{"start":{"line":97,"column":20},"end":{"line":97,"column":48},"skip":true},"26":{"start":{"line":100,"column":20},"end":{"line":100,"column":85},"skip":true},"27":{"start":{"line":101,"column":20},"end":{"line":101,"column":96},"skip":true},"28":{"start":{"line":103,"column":16},"end":{"line":103,"column":22},"skip":true},"29":{"start":{"line":106,"column":16},"end":{"line":106,"column":22},"skip":true},"30":{"start":{"line":108,"column":12},"end":{"line":120,"column":13},"skip":true},"31":{"start":{"line":114,"column":16},"end":{"line":119,"column":17},"skip":true},"32":{"start":{"line":116,"column":20},"end":{"line":116,"column":78},"skip":true},"33":{"start":{"line":118,"column":20},"end":{"line":118,"column":47},"skip":true},"34":{"start":{"line":123,"column":8},"end":{"line":141,"column":11},"skip":true},"35":{"start":{"line":124,"column":12},"end":{"line":124,"column":54},"skip":true},"36":{"start":{"line":125,"column":12},"end":{"line":140,"column":14},"skip":true},"37":{"start":{"line":126,"column":16},"end":{"line":126,"column":28},"skip":true},"38":{"start":{"line":127,"column":16},"end":{"line":127,"column":69},"skip":true},"39":{"start":{"line":128,"column":16},"end":{"line":128,"column":75},"skip":true},"40":{"start":{"line":129,"column":16},"end":{"line":131,"column":17},"skip":true},"41":{"start":{"line":130,"column":20},"end":{"line":130,"column":27},"skip":true},"42":{"start":{"line":133,"column":16},"end":{"line":137,"column":36},"skip":true},"43":{"start":{"line":134,"column":20},"end":{"line":136,"column":55},"skip":true},"44":{"start":{"line":139,"column":16},"end":{"line":139,"column":57},"skip":true},"45":{"start":{"line":143,"column":8},"end":{"line":147,"column":11},"skip":true},"46":{"start":{"line":144,"column":12},"end":{"line":146,"column":15},"skip":true},"47":{"start":{"line":145,"column":16},"end":{"line":145,"column":70},"skip":true},"48":{"start":{"line":149,"column":8},"end":{"line":149,"column":31},"skip":true},"49":{"start":{"line":150,"column":8},"end":{"line":150,"column":14},"skip":true},"50":{"start":{"line":158,"column":8},"end":{"line":158,"column":31},"skip":true},"51":{"start":{"line":160,"column":8},"end":{"line":160,"column":33},"skip":true},"52":{"start":{"line":161,"column":8},"end":{"line":161,"column":37},"skip":true},"53":{"start":{"line":162,"column":8},"end":{"line":162,"column":35},"skip":true},"54":{"start":{"line":164,"column":8},"end":{"line":164,"column":50},"skip":true},"55":{"start":{"line":166,"column":8},"end":{"line":256,"column":2},"skip":true},"56":{"start":{"line":258,"column":8},"end":{"line":286,"column":9},"skip":true},"57":{"start":{"line":259,"column":12},"end":{"line":269,"column":14},"skip":true},"58":{"start":{"line":271,"column":12},"end":{"line":285,"column":19},"skip":true},"59":{"start":{"line":274,"column":20},"end":{"line":274,"column":35},"skip":true},"60":{"start":{"line":275,"column":20},"end":{"line":284,"column":21},"skip":true},"61":{"start":{"line":277,"column":24},"end":{"line":277,"column":64},"skip":true},"62":{"start":{"line":279,"column":24},"end":{"line":279,"column":40},"skip":true},"63":{"start":{"line":281,"column":24},"end":{"line":281,"column":40},"skip":true},"64":{"start":{"line":283,"column":24},"end":{"line":283,"column":39},"skip":true},"65":{"start":{"line":288,"column":8},"end":{"line":290,"column":9},"skip":true},"66":{"start":{"line":289,"column":12},"end":{"line":289,"column":18},"skip":true},"67":{"start":{"line":291,"column":8},"end":{"line":293,"column":54},"skip":true},"68":{"start":{"line":296,"column":8},"end":{"line":301,"column":37},"skip":true},"69":{"start":{"line":303,"column":8},"end":{"line":303,"column":82},"skip":true},"70":{"start":{"line":306,"column":8},"end":{"line":308,"column":9},"skip":true},"71":{"start":{"line":307,"column":12},"end":{"line":307,"column":82},"skip":true},"72":{"start":{"line":310,"column":8},"end":{"line":312,"column":9},"skip":true},"73":{"start":{"line":311,"column":12},"end":{"line":311,"column":18},"skip":true},"74":{"start":{"line":313,"column":8},"end":{"line":313,"column":54},"skip":true},"75":{"start":{"line":314,"column":8},"end":{"line":314,"column":69},"skip":true},"76":{"start":{"line":315,"column":8},"end":{"line":323,"column":36},"skip":true},"77":{"start":{"line":316,"column":12},"end":{"line":316,"column":61},"skip":true},"78":{"start":{"line":317,"column":12},"end":{"line":320,"column":13},"skip":true},"79":{"start":{"line":318,"column":16},"end":{"line":318,"column":75},"skip":true},"80":{"start":{"line":319,"column":16},"end":{"line":319,"column":23},"skip":true},"81":{"start":{"line":321,"column":12},"end":{"line":321,"column":38},"skip":true},"82":{"start":{"line":322,"column":12},"end":{"line":322,"column":27},"skip":true},"83":{"start":{"line":324,"column":8},"end":{"line":324,"column":14},"skip":true}},"branchMap":{"1":{"line":39,"type":"binary-expr","locations":[{"start":{"line":39,"column":23},"end":{"line":39,"column":62}},{"start":{"line":40,"column":20},"end":{"line":40,"column":70}},{"start":{"line":41,"column":20},"end":{"line":41,"column":71}},{"start":{"line":42,"column":20},"end":{"line":42,"column":29}}]},"2":{"line":44,"type":"binary-expr","locations":[{"start":{"line":44,"column":23},"end":{"line":44,"column":37}},{"start":{"line":45,"column":20},"end":{"line":45,"column":61}},{"start":{"line":46,"column":20},"end":{"line":46,"column":70}},{"start":{"line":47,"column":20},"end":{"line":47,"column":26}}]},"3":{"line":51,"type":"cond-expr","locations":[{"start":{"line":52,"column":14},"end":{"line":52,"column":20}},{"start":{"line":53,"column":14},"end":{"line":53,"column":20}}]},"4":{"line":55,"type":"binary-expr","locations":[{"start":{"line":55,"column":16},"end":{"line":55,"column":44}},{"start":{"line":55,"column":49},"end":{"line":57,"column":43}}]},"5":{"line":55,"type":"cond-expr","locations":[{"start":{"line":56,"column":14},"end":{"line":56,"column":57}},{"start":{"line":57,"column":14},"end":{"line":57,"column":43}}]},"6":{"line":61,"type":"switch","locations":[{"start":{"line":68,"column":4},"end":{"line":150,"column":14},"skip":true},{"start":{"line":156,"column":4},"end":{"line":324,"column":14},"skip":true}]},"7":{"line":70,"type":"if","locations":[{"start":{"line":70,"column":12},"end":{"line":70,"column":12},"skip":true},{"start":{"line":70,"column":12},"end":{"line":70,"column":12},"skip":true}]},"8":{"line":70,"type":"binary-expr","locations":[{"start":{"line":70,"column":16},"end":{"line":70,"column":22},"skip":true},{"start":{"line":70,"column":27},"end":{"line":70,"column":32},"skip":true},{"start":{"line":71,"column":20},"end":{"line":71,"column":39},"skip":true},{"start":{"line":72,"column":20},"end":{"line":72,"column":49},"skip":true},{"start":{"line":73,"column":20},"end":{"line":73,"column":58},"skip":true},{"start":{"line":74,"column":20},"end":{"line":74,"column":69},"skip":true}]},"9":{"line":79,"type":"switch","locations":[{"start":{"line":80,"column":20},"end":{"line":80,"column":33},"skip":true},{"start":{"line":81,"column":20},"end":{"line":83,"column":30},"skip":true},{"start":{"line":84,"column":20},"end":{"line":85,"column":49},"skip":true}]},"10":{"line":89,"type":"switch","locations":[{"start":{"line":90,"column":12},"end":{"line":103,"column":22},"skip":true},{"start":{"line":105,"column":12},"end":{"line":106,"column":22},"skip":true}]},"11":{"line":89,"type":"binary-expr","locations":[{"start":{"line":89,"column":20},"end":{"line":89,"column":25},"skip":true},{"start":{"line":89,"column":29},"end":{"line":89,"column":48},"skip":true},{"start":{"line":89,"column":52},"end":{"line":89,"column":74},"skip":true}]},"12":{"line":92,"type":"if","locations":[{"start":{"line":92,"column":16},"end":{"line":92,"column":16},"skip":true},{"start":{"line":92,"column":16},"end":{"line":92,"column":16},"skip":true}]},"13":{"line":108,"type":"if","locations":[{"start":{"line":108,"column":12},"end":{"line":108,"column":12},"skip":true},{"start":{"line":108,"column":12},"end":{"line":108,"column":12},"skip":true}]},"14":{"line":108,"type":"binary-expr","locations":[{"start":{"line":108,"column":16},"end":{"line":108,"column":61},"skip":true},{"start":{"line":108,"column":66},"end":{"line":108,"column":72},"skip":true},{"start":{"line":108,"column":77},"end":{"line":108,"column":82},"skip":true},{"start":{"line":109,"column":20},"end":{"line":109,"column":39},"skip":true},{"start":{"line":110,"column":20},"end":{"line":110,"column":49},"skip":true},{"start":{"line":111,"column":20},"end":{"line":111,"column":58},"skip":true},{"start":{"line":112,"column":20},"end":{"line":112,"column":68},"skip":true}]},"15":{"line":129,"type":"if","locations":[{"start":{"line":129,"column":16},"end":{"line":129,"column":16},"skip":true},{"start":{"line":129,"column":16},"end":{"line":129,"column":16},"skip":true}]},"16":{"line":134,"type":"cond-expr","locations":[{"start":{"line":135,"column":26},"end":{"line":135,"column":29},"skip":true},{"start":{"line":136,"column":26},"end":{"line":136,"column":54},"skip":true}]},"17":{"line":164,"type":"binary-expr","locations":[{"start":{"line":164,"column":27},"end":{"line":164,"column":43},"skip":true},{"start":{"line":164,"column":47},"end":{"line":164,"column":49},"skip":true}]},"18":{"line":258,"type":"if","locations":[{"start":{"line":258,"column":8},"end":{"line":258,"column":8},"skip":true},{"start":{"line":258,"column":8},"end":{"line":258,"column":8},"skip":true}]},"19":{"line":275,"type":"switch","locations":[{"start":{"line":276,"column":20},"end":{"line":277,"column":64},"skip":true},{"start":{"line":278,"column":20},"end":{"line":279,"column":40},"skip":true},{"start":{"line":280,"column":20},"end":{"line":281,"column":40},"skip":true},{"start":{"line":282,"column":20},"end":{"line":283,"column":39},"skip":true}]},"20":{"line":288,"type":"if","locations":[{"start":{"line":288,"column":8},"end":{"line":288,"column":8},"skip":true},{"start":{"line":288,"column":8},"end":{"line":288,"column":8},"skip":true}]},"21":{"line":288,"type":"binary-expr","locations":[{"start":{"line":288,"column":12},"end":{"line":288,"column":40},"skip":true},{"start":{"line":288,"column":44},"end":{"line":288,"column":67},"skip":true}]},"22":{"line":292,"type":"binary-expr","locations":[{"start":{"line":292,"column":12},"end":{"line":292,"column":50},"skip":true},{"start":{"line":293,"column":12},"end":{"line":293,"column":53},"skip":true}]},"23":{"line":297,"type":"binary-expr","locations":[{"start":{"line":297,"column":12},"end":{"line":297,"column":71},"skip":true},{"start":{"line":298,"column":12},"end":{"line":301,"column":36},"skip":true}]},"24":{"line":303,"type":"binary-expr","locations":[{"start":{"line":303,"column":43},"end":{"line":303,"column":75},"skip":true},{"start":{"line":303,"column":79},"end":{"line":303,"column":81},"skip":true}]},"25":{"line":306,"type":"if","locations":[{"start":{"line":306,"column":8},"end":{"line":306,"column":8},"skip":true},{"start":{"line":306,"column":8},"end":{"line":306,"column":8},"skip":true}]},"26":{"line":310,"type":"if","locations":[{"start":{"line":310,"column":8},"end":{"line":310,"column":8},"skip":true},{"start":{"line":310,"column":8},"end":{"line":310,"column":8},"skip":true}]},"27":{"line":313,"type":"binary-expr","locations":[{"start":{"line":313,"column":27},"end":{"line":313,"column":43},"skip":true},{"start":{"line":313,"column":47},"end":{"line":313,"column":53},"skip":true}]},"28":{"line":317,"type":"if","locations":[{"start":{"line":317,"column":12},"end":{"line":317,"column":12},"skip":true},{"start":{"line":317,"column":12},"end":{"line":317,"column":12},"skip":true}]}},"code":["/*","example.js","","quickstart example","","instruction","    1. save this script as example.js","    2. run the shell command:","        $ npm install npmtest-musicmetadata && PORT=8081 node example.js","    3. play with the browser-demo on http://127.0.0.1:8081","*/","","","","/* istanbul instrument in package npmtest_musicmetadata */","/*jslint","    bitwise: true,","    browser: true,","    maxerr: 8,","    maxlen: 96,","    node: true,","    nomen: true,","    regexp: true,","    stupid: true","*/","(function () {","    'use strict';","    var local;","","","","    // run shared js-env code - init-before","    (function () {","        // init local","        local = {};","        // init modeJs","        local.modeJs = (function () {","            try {","                return typeof navigator.userAgent === 'string' &&","                    typeof document.querySelector('body') === 'object' &&","                    typeof XMLHttpRequest.prototype.open === 'function' &&","                    'browser';","            } catch (errorCaughtBrowser) {","                return module.exports &&","                    typeof process.versions.node === 'string' &&","                    typeof require('http').createServer === 'function' &&","                    'node';","            }","        }());","        // init global","        local.global = local.modeJs === 'browser'","            ? window","            : global;","        // init utility2_rollup","        local = local.global.utility2_rollup || (local.modeJs === 'browser'","            ? local.global.utility2_npmtest_musicmetadata","            : global.utility2_moduleExports);","        // export local","        local.global.local = local;","    }());","    switch (local.modeJs) {","","","","    // init-after","    // run browser js-env code - init-after","    /* istanbul ignore next */","    case 'browser':","        local.testRunBrowser = function (event) {","            if (!event || (event &&","                    event.currentTarget &&","                    event.currentTarget.className &&","                    event.currentTarget.className.includes &&","                    event.currentTarget.className.includes('onreset'))) {","                // reset output","                Array.from(","                    document.querySelectorAll('body > .resettable')","                ).forEach(function (element) {","                    switch (element.tagName) {","                    case 'INPUT':","                    case 'TEXTAREA':","                        element.value = '';","                        break;","                    default:","                        element.textContent = '';","                    }","                });","            }","            switch (event && event.currentTarget && event.currentTarget.id) {","            case 'testRunButton1':","                // show tests","                if (document.querySelector('#testReportDiv1').style.display === 'none') {","                    document.querySelector('#testReportDiv1').style.display = 'block';","                    document.querySelector('#testRunButton1').textContent =","                        'hide internal test';","                    local.modeTest = true;","                    local.testRunDefault(local);","                // hide tests","                } else {","                    document.querySelector('#testReportDiv1').style.display = 'none';","                    document.querySelector('#testRunButton1').textContent = 'run internal test';","                }","                break;","            // custom-case","            default:","                break;","            }","            if (document.querySelector('#inputTextareaEval1') && (!event || (event &&","                    event.currentTarget &&","                    event.currentTarget.className &&","                    event.currentTarget.className.includes &&","                    event.currentTarget.className.includes('oneval')))) {","                // try to eval input-code","                try {","                    /*jslint evil: true*/","                    eval(document.querySelector('#inputTextareaEval1').value);","                } catch (errorCaught) {","                    console.error(errorCaught);","                }","            }","        };","        // log stderr and stdout to #outputTextareaStdout1","        ['error', 'log'].forEach(function (key) {","            console[key + '_original'] = console[key];","            console[key] = function () {","                var element;","                console[key + '_original'].apply(console, arguments);","                element = document.querySelector('#outputTextareaStdout1');","                if (!element) {","                    return;","                }","                // append text to #outputTextareaStdout1","                element.value += Array.from(arguments).map(function (arg) {","                    return typeof arg === 'string'","                        ? arg","                        : JSON.stringify(arg, null, 4);","                }).join(' ') + '\\n';","                // scroll textarea to bottom","                element.scrollTop = element.scrollHeight;","            };","        });","        // init event-handling","        ['change', 'click', 'keyup'].forEach(function (event) {","            Array.from(document.querySelectorAll('.on' + event)).forEach(function (element) {","                element.addEventListener(event, local.testRunBrowser);","            });","        });","        // run tests","        local.testRunBrowser();","        break;","","","","    // run node js-env code - init-after","    /* istanbul ignore next */","    case 'node':","        // export local","        module.exports = local;","        // require modules","        local.fs = require('fs');","        local.http = require('http');","        local.url = require('url');","        // init assets","        local.assetsDict = local.assetsDict || {};","        /* jslint-ignore-begin */","        local.assetsDict['/assets.index.template.html'] = '\\","<!doctype html>\\n\\","<html lang=\"en\">\\n\\","<head>\\n\\","<meta charset=\"UTF-8\">\\n\\","<meta name=\"viewport\" content=\"width=device-width, initial-scale=1\">\\n\\","<title>{{env.npm_package_name}} (v{{env.npm_package_version}})</title>\\n\\","<style>\\n\\","/*csslint\\n\\","    box-sizing: false,\\n\\","    universal-selector: false\\n\\","*/\\n\\","* {\\n\\","    box-sizing: border-box;\\n\\","}\\n\\","body {\\n\\","    background: #dde;\\n\\","    font-family: Arial, Helvetica, sans-serif;\\n\\","    margin: 2rem;\\n\\","}\\n\\","body > * {\\n\\","    margin-bottom: 1rem;\\n\\","}\\n\\",".utility2FooterDiv {\\n\\","    margin-top: 20px;\\n\\","    text-align: center;\\n\\","}\\n\\","</style>\\n\\","<style>\\n\\","/*csslint\\n\\","*/\\n\\","textarea {\\n\\","    font-family: monospace;\\n\\","    height: 10rem;\\n\\","    width: 100%;\\n\\","}\\n\\","textarea[readonly] {\\n\\","    background: #ddd;\\n\\","}\\n\\","</style>\\n\\","</head>\\n\\","<body>\\n\\","<!-- utility2-comment\\n\\","<div id=\"ajaxProgressDiv1\" style=\"background: #d00; height: 2px; left: 0; margin: 0; padding: 0; position: fixed; top: 0; transition: background 0.5s, width 1.5s; width: 25%;\"></div>\\n\\","utility2-comment -->\\n\\","<h1>\\n\\","<!-- utility2-comment\\n\\","    <a\\n\\","        {{#if env.npm_package_homepage}}\\n\\","        href=\"{{env.npm_package_homepage}}\"\\n\\","        {{/if env.npm_package_homepage}}\\n\\","        target=\"_blank\"\\n\\","    >\\n\\","utility2-comment -->\\n\\","        {{env.npm_package_name}} (v{{env.npm_package_version}})\\n\\","<!-- utility2-comment\\n\\","    </a>\\n\\","utility2-comment -->\\n\\","</h1>\\n\\","<h3>{{env.npm_package_description}}</h3>\\n\\","<!-- utility2-comment\\n\\","<h4><a download href=\"assets.app.js\">download standalone app</a></h4>\\n\\","<button class=\"onclick onreset\" id=\"testRunButton1\">run internal test</button><br>\\n\\","<div id=\"testReportDiv1\" style=\"display: none;\"></div>\\n\\","utility2-comment -->\\n\\","\\n\\","\\n\\","\\n\\","<label>stderr and stdout</label>\\n\\","<textarea class=\"resettable\" id=\"outputTextareaStdout1\" readonly></textarea>\\n\\","<!-- utility2-comment\\n\\","{{#if isRollup}}\\n\\","<script src=\"assets.app.js\"></script>\\n\\","{{#unless isRollup}}\\n\\","utility2-comment -->\\n\\","<script src=\"assets.utility2.rollup.js\"></script>\\n\\","<script src=\"jsonp.utility2._stateInit?callback=window.utility2._stateInit\"></script>\\n\\","<script src=\"assets.npmtest_musicmetadata.rollup.js\"></script>\\n\\","<script src=\"assets.example.js\"></script>\\n\\","<script src=\"assets.test.js\"></script>\\n\\","<!-- utility2-comment\\n\\","{{/if isRollup}}\\n\\","utility2-comment -->\\n\\","<div class=\"utility2FooterDiv\">\\n\\","    [ this app was created with\\n\\","    <a href=\"https://github.com/kaizhu256/node-utility2\" target=\"_blank\">utility2</a>\\n\\","    ]\\n\\","</div>\\n\\","</body>\\n\\","</html>\\n\\","';","        /* jslint-ignore-end */","        if (local.templateRender) {","            local.assetsDict['/'] = local.templateRender(","                local.assetsDict['/assets.index.template.html'],","                {","                    env: local.objectSetDefault(local.env, {","                        npm_package_description: 'the greatest app in the world!',","                        npm_package_name: 'my-app',","                        npm_package_nameAlias: 'my_app',","                        npm_package_version: '0.0.1'","                    })","                }","            );","        } else {","            local.assetsDict['/'] = local.assetsDict['/assets.index.template.html']","                .replace((/\\{\\{env\\.(\\w+?)\\}\\}/g), function (match0, match1) {","                    // jslint-hack","                    String(match0);","                    switch (match1) {","                    case 'npm_package_description':","                        return 'the greatest app in the world!';","                    case 'npm_package_name':","                        return 'my-app';","                    case 'npm_package_nameAlias':","                        return 'my_app';","                    case 'npm_package_version':","                        return '0.0.1';","                    }","                });","        }","        // run the cli","        if (local.global.utility2_rollup || module !== require.main) {","            break;","        }","        local.assetsDict['/assets.example.js'] =","            local.assetsDict['/assets.example.js'] ||","            local.fs.readFileSync(__filename, 'utf8');","        // bug-workaround - long $npm_package_buildCustomOrg","        /* jslint-ignore-begin */","        local.assetsDict['/assets.npmtest_musicmetadata.rollup.js'] =","            local.assetsDict['/assets.npmtest_musicmetadata.rollup.js'] ||","            local.fs.readFileSync(","                local.npmtest_musicmetadata.__dirname + '/lib.npmtest_musicmetadata.js',","                'utf8'","            ).replace((/^#!/), '//');","        /* jslint-ignore-end */","        local.assetsDict['/favicon.ico'] = local.assetsDict['/favicon.ico'] || '';","        // if $npm_config_timeout_exit exists,","        // then exit this process after $npm_config_timeout_exit ms","        if (Number(process.env.npm_config_timeout_exit)) {","            setTimeout(process.exit, Number(process.env.npm_config_timeout_exit));","        }","        // start server","        if (local.global.utility2_serverHttp1) {","            break;","        }","        process.env.PORT = process.env.PORT || '8081';","        console.error('server starting on port ' + process.env.PORT);","        local.http.createServer(function (request, response) {","            request.urlParsed = local.url.parse(request.url);","            if (local.assetsDict[request.urlParsed.pathname] !== undefined) {","                response.end(local.assetsDict[request.urlParsed.pathname]);","                return;","            }","            response.statusCode = 404;","            response.end();","        }).listen(process.env.PORT);","        break;","    }","}());",""],"l":{"26":2,"28":2,"33":2,"35":2,"37":2,"38":2,"39":2,"44":1,"51":2,"55":2,"59":2,"61":2,"69":1,"70":2,"76":2,"79":2,"82":2,"83":2,"85":1,"89":2,"92":1,"93":1,"94":1,"96":1,"97":1,"100":1,"101":1,"103":1,"106":1,"108":2,"114":1,"116":1,"118":1,"123":1,"124":2,"125":2,"126":3,"127":3,"128":3,"129":3,"130":1,"133":3,"134":3,"139":3,"143":1,"144":3,"145":1,"149":1,"150":1,"158":1,"160":1,"161":1,"162":1,"164":1,"166":1,"258":1,"259":1,"271":1,"274":6,"275":6,"277":1,"279":2,"281":1,"283":2,"288":1,"289":1,"291":1,"296":1,"303":1,"306":1,"307":1,"310":1,"311":1,"313":1,"314":1,"315":1,"316":1,"317":1,"318":1,"319":1,"321":1,"322":1,"324":1}},"/home/travis/build/npmtest/node-npmtest-musicmetadata/node_modules/musicmetadata/lib/index.js":{"path":"/home/travis/build/npmtest/node-npmtest-musicmetadata/node_modules/musicmetadata/lib/index.js","s":{"1":1,"2":1,"3":1,"4":1,"5":1,"6":1,"7":0,"8":0,"9":0,"10":0,"11":0,"12":0,"13":0,"14":0,"15":0,"16":0,"17":0,"18":0,"19":0,"20":0,"21":0,"22":0,"23":0,"24":0,"25":0,"26":0,"27":0,"28":0,"29":0,"30":0,"31":0,"32":0,"33":0,"34":0,"35":0,"36":0,"37":0,"38":0,"39":0,"40":0,"41":0,"42":0,"43":1,"44":0,"45":1,"46":0,"47":0,"48":0,"49":0,"50":0,"51":0,"52":0,"53":0,"54":0,"55":0,"56":0,"57":0,"58":0,"59":0,"60":1,"61":0,"62":0,"63":0,"64":0,"65":0,"66":0,"67":0,"68":0,"69":0,"70":0,"71":0,"72":0,"73":0,"74":0,"75":0,"76":0,"77":0,"78":0,"79":0,"80":0,"81":0,"82":0,"83":0,"84":0,"85":0,"86":0,"87":0,"88":0,"89":0,"90":0,"91":0,"92":1,"93":0,"94":0,"95":0,"96":0,"97":0,"98":0,"99":0,"100":0,"101":1,"102":0,"103":0,"104":1,"105":0,"106":0,"107":0,"108":0,"109":0,"110":0,"111":0,"112":0,"113":1},"b":{"1":[0,0],"2":[0,0],"3":[0,0],"4":[0,0],"5":[0,0],"6":[0,0],"7":[0,0],"8":[0,0],"9":[0,0],"10":[0,0],"11":[0,0],"12":[0,0,0,0],"13":[0,0],"14":[0,0],"15":[0,0],"16":[0,0],"17":[0,0],"18":[0,0],"19":[0,0],"20":[0,0],"21":[0,0],"22":[0,0],"23":[0,0],"24":[0,0],"25":[0,0],"26":[0,0],"27":[0,0],"28":[0,0],"29":[0,0],"30":[0,0],"31":[0,0],"32":[0,0],"33":[0,0],"34":[0,0],"35":[0,0]},"f":{"1":0,"2":0,"3":0,"4":0,"5":0,"6":0,"7":0,"8":0,"9":0,"10":0,"11":0,"12":0,"13":0,"14":0,"15":0},"fnMap":{"1":{"name":"(anonymous_1)","line":8,"loc":{"start":{"line":8,"column":17},"end":{"line":8,"column":51}}},"2":{"name":"(anonymous_2)","line":16,"loc":{"start":{"line":16,"column":14},"end":{"line":16,"column":28}}},"3":{"name":"(anonymous_3)","line":18,"loc":{"start":{"line":18,"column":23},"end":{"line":18,"column":35}}},"4":{"name":"(anonymous_4)","line":22,"loc":{"start":{"line":22,"column":27},"end":{"line":22,"column":49}}},"5":{"name":"(anonymous_5)","line":55,"loc":{"start":{"line":55,"column":23},"end":{"line":55,"column":41}}},"6":{"name":"(anonymous_6)","line":58,"loc":{"start":{"line":58,"column":20},"end":{"line":58,"column":44}}},"7":{"name":"(anonymous_7)","line":72,"loc":{"start":{"line":72,"column":20},"end":{"line":72,"column":32}}},"8":{"name":"onClose","line":80,"loc":{"start":{"line":80,"column":2},"end":{"line":80,"column":22}}},"9":{"name":"done","line":84,"loc":{"start":{"line":84,"column":2},"end":{"line":84,"column":28}}},"10":{"name":"buildAliases","line":117,"loc":{"start":{"line":117,"column":0},"end":{"line":117,"column":53}}},"11":{"name":"lookupAlias","line":167,"loc":{"start":{"line":167,"column":0},"end":{"line":167,"column":29}}},"12":{"name":"(anonymous_12)","line":186,"loc":{"start":{"line":186,"column":25},"end":{"line":186,"column":41}}},"13":{"name":"(anonymous_13)","line":189,"loc":{"start":{"line":189,"column":25},"end":{"line":189,"column":40}}},"14":{"name":"cleanupTrack","line":202,"loc":{"start":{"line":202,"column":0},"end":{"line":202,"column":32}}},"15":{"name":"cleanupPicture","line":210,"loc":{"start":{"line":210,"column":0},"end":{"line":210,"column":34}}}},"statementMap":{"1":{"start":{"line":2,"column":0},"end":{"line":2,"column":30}},"2":{"start":{"line":3,"column":0},"end":{"line":3,"column":32}},"3":{"start":{"line":4,"column":0},"end":{"line":4,"column":31}},"4":{"start":{"line":5,"column":0},"end":{"line":5,"column":32}},"5":{"start":{"line":6,"column":0},"end":{"line":6,"column":22}},"6":{"start":{"line":8,"column":0},"end":{"line":115,"column":1}},"7":{"start":{"line":9,"column":2},"end":{"line":12,"column":3}},"8":{"start":{"line":10,"column":4},"end":{"line":10,"column":19}},"9":{"start":{"line":11,"column":4},"end":{"line":11,"column":13}},"10":{"start":{"line":14,"column":2},"end":{"line":14,"column":41}},"11":{"start":{"line":16,"column":2},"end":{"line":33,"column":3}},"12":{"start":{"line":17,"column":4},"end":{"line":32,"column":5}},"13":{"start":{"line":18,"column":6},"end":{"line":20,"column":8}},"14":{"start":{"line":19,"column":8},"end":{"line":19,"column":25}},"15":{"start":{"line":21,"column":11},"end":{"line":32,"column":5}},"16":{"start":{"line":22,"column":6},"end":{"line":25,"column":8}},"17":{"start":{"line":23,"column":8},"end":{"line":23,"column":26}},"18":{"start":{"line":23,"column":17},"end":{"line":23,"column":26}},"19":{"start":{"line":24,"column":8},"end":{"line":24,"column":22}},"20":{"start":{"line":26,"column":11},"end":{"line":32,"column":5}},"21":{"start":{"line":27,"column":6},"end":{"line":27,"column":25}},"22":{"start":{"line":28,"column":11},"end":{"line":32,"column":5}},"23":{"start":{"line":29,"column":6},"end":{"line":31,"column":97}},"24":{"start":{"line":37,"column":2},"end":{"line":37,"column":70}},"25":{"start":{"line":39,"column":2},"end":{"line":50,"column":3}},"26":{"start":{"line":52,"column":2},"end":{"line":52,"column":18}},"27":{"start":{"line":54,"column":2},"end":{"line":54,"column":25}},"28":{"start":{"line":55,"column":2},"end":{"line":70,"column":4}},"29":{"start":{"line":56,"column":4},"end":{"line":56,"column":22}},"30":{"start":{"line":57,"column":4},"end":{"line":57,"column":66}},"31":{"start":{"line":58,"column":4},"end":{"line":66,"column":52}},"32":{"start":{"line":59,"column":6},"end":{"line":59,"column":32}},"33":{"start":{"line":59,"column":26},"end":{"line":59,"column":32}},"34":{"start":{"line":60,"column":6},"end":{"line":60,"column":36}},"35":{"start":{"line":62,"column":6},"end":{"line":64,"column":7}},"36":{"start":{"line":63,"column":8},"end":{"line":63,"column":34}},"37":{"start":{"line":65,"column":6},"end":{"line":65,"column":48}},"38":{"start":{"line":69,"column":4},"end":{"line":69,"column":32}},"39":{"start":{"line":72,"column":2},"end":{"line":76,"column":4}},"40":{"start":{"line":73,"column":4},"end":{"line":75,"column":5}},"41":{"start":{"line":74,"column":6},"end":{"line":74,"column":65}},"42":{"start":{"line":78,"column":2},"end":{"line":78,"column":30}},"43":{"start":{"line":80,"column":2},"end":{"line":82,"column":3}},"44":{"start":{"line":81,"column":4},"end":{"line":81,"column":47}},"45":{"start":{"line":84,"column":2},"end":{"line":112,"column":3}},"46":{"start":{"line":85,"column":4},"end":{"line":85,"column":44}},"47":{"start":{"line":90,"column":4},"end":{"line":106,"column":5}},"48":{"start":{"line":91,"column":6},"end":{"line":105,"column":7}},"49":{"start":{"line":92,"column":8},"end":{"line":92,"column":15}},"50":{"start":{"line":93,"column":8},"end":{"line":98,"column":9}},"51":{"start":{"line":95,"column":10},"end":{"line":95,"column":34}},"52":{"start":{"line":97,"column":10},"end":{"line":97,"column":31}},"53":{"start":{"line":100,"column":8},"end":{"line":100,"column":33}},"54":{"start":{"line":102,"column":8},"end":{"line":104,"column":9}},"55":{"start":{"line":103,"column":10},"end":{"line":103,"column":32}},"56":{"start":{"line":108,"column":4},"end":{"line":110,"column":5}},"57":{"start":{"line":109,"column":6},"end":{"line":109,"column":35}},"58":{"start":{"line":111,"column":4},"end":{"line":111,"column":22}},"59":{"start":{"line":114,"column":2},"end":{"line":114,"column":16}},"60":{"start":{"line":117,"column":0},"end":{"line":165,"column":1}},"61":{"start":{"line":119,"column":2},"end":{"line":119,"column":13}},"62":{"start":{"line":120,"column":2},"end":{"line":132,"column":3}},"63":{"start":{"line":121,"column":4},"end":{"line":121,"column":11}},"64":{"start":{"line":122,"column":4},"end":{"line":122,"column":45}},"65":{"start":{"line":122,"column":32},"end":{"line":122,"column":45}},"66":{"start":{"line":123,"column":4},"end":{"line":123,"column":43}},"67":{"start":{"line":123,"column":31},"end":{"line":123,"column":43}},"68":{"start":{"line":125,"column":4},"end":{"line":125,"column":33}},"69":{"start":{"line":126,"column":4},"end":{"line":126,"column":35}},"70":{"start":{"line":126,"column":24},"end":{"line":126,"column":35}},"71":{"start":{"line":127,"column":4},"end":{"line":131,"column":5}},"72":{"start":{"line":128,"column":6},"end":{"line":128,"column":43}},"73":{"start":{"line":130,"column":6},"end":{"line":130,"column":31}},"74":{"start":{"line":136,"column":2},"end":{"line":164,"column":3}},"75":{"start":{"line":137,"column":4},"end":{"line":137,"column":19}},"76":{"start":{"line":138,"column":4},"end":{"line":138,"column":61}},"77":{"start":{"line":138,"column":27},"end":{"line":138,"column":61}},"78":{"start":{"line":139,"column":4},"end":{"line":139,"column":60}},"79":{"start":{"line":139,"column":29},"end":{"line":139,"column":60}},"80":{"start":{"line":141,"column":4},"end":{"line":151,"column":5}},"81":{"start":{"line":142,"column":6},"end":{"line":142,"column":35}},"82":{"start":{"line":144,"column":6},"end":{"line":150,"column":7}},"83":{"start":{"line":145,"column":8},"end":{"line":145,"column":38}},"84":{"start":{"line":146,"column":8},"end":{"line":146,"column":14}},"85":{"start":{"line":148,"column":8},"end":{"line":148,"column":32}},"86":{"start":{"line":149,"column":8},"end":{"line":149,"column":14}},"87":{"start":{"line":155,"column":4},"end":{"line":157,"column":5}},"88":{"start":{"line":156,"column":6},"end":{"line":156,"column":25}},"89":{"start":{"line":159,"column":4},"end":{"line":163,"column":5}},"90":{"start":{"line":160,"column":6},"end":{"line":160,"column":30}},"91":{"start":{"line":162,"column":6},"end":{"line":162,"column":34}},"92":{"start":{"line":167,"column":0},"end":{"line":197,"column":1}},"93":{"start":{"line":169,"column":2},"end":{"line":184,"column":3}},"94":{"start":{"line":186,"column":2},"end":{"line":196,"column":15}},"95":{"start":{"line":187,"column":4},"end":{"line":187,"column":33}},"96":{"start":{"line":187,"column":25},"end":{"line":187,"column":33}},"97":{"start":{"line":189,"column":4},"end":{"line":191,"column":35}},"98":{"start":{"line":190,"column":6},"end":{"line":190,"column":30}},"99":{"start":{"line":193,"column":4},"end":{"line":195,"column":5}},"100":{"start":{"line":194,"column":6},"end":{"line":194,"column":17}},"101":{"start":{"line":202,"column":0},"end":{"line":208,"column":1}},"102":{"start":{"line":203,"column":2},"end":{"line":203,"column":43}},"103":{"start":{"line":204,"column":2},"end":{"line":207,"column":3}},"104":{"start":{"line":210,"column":0},"end":{"line":220,"column":1}},"105":{"start":{"line":211,"column":2},"end":{"line":211,"column":15}},"106":{"start":{"line":212,"column":2},"end":{"line":218,"column":3}},"107":{"start":{"line":213,"column":4},"end":{"line":213,"column":55}},"108":{"start":{"line":214,"column":4},"end":{"line":214,"column":56}},"109":{"start":{"line":215,"column":4},"end":{"line":215,"column":47}},"110":{"start":{"line":215,"column":30},"end":{"line":215,"column":47}},"111":{"start":{"line":217,"column":4},"end":{"line":217,"column":21}},"112":{"start":{"line":219,"column":2},"end":{"line":219,"column":50}},"113":{"start":{"line":222,"column":0},"end":{"line":253,"column":1}}},"branchMap":{"1":{"line":9,"type":"if","locations":[{"start":{"line":9,"column":2},"end":{"line":9,"column":2}},{"start":{"line":9,"column":2},"end":{"line":9,"column":2}}]},"2":{"line":17,"type":"if","locations":[{"start":{"line":17,"column":4},"end":{"line":17,"column":4}},{"start":{"line":17,"column":4},"end":{"line":17,"column":4}}]},"3":{"line":21,"type":"if","locations":[{"start":{"line":21,"column":11},"end":{"line":21,"column":11}},{"start":{"line":21,"column":11},"end":{"line":21,"column":11}}]},"4":{"line":23,"type":"if","locations":[{"start":{"line":23,"column":8},"end":{"line":23,"column":8}},{"start":{"line":23,"column":8},"end":{"line":23,"column":8}}]},"5":{"line":26,"type":"if","locations":[{"start":{"line":26,"column":11},"end":{"line":26,"column":11}},{"start":{"line":26,"column":11},"end":{"line":26,"column":11}}]},"6":{"line":28,"type":"if","locations":[{"start":{"line":28,"column":11},"end":{"line":28,"column":11}},{"start":{"line":28,"column":11},"end":{"line":28,"column":11}}]},"7":{"line":59,"type":"if","locations":[{"start":{"line":59,"column":6},"end":{"line":59,"column":6}},{"start":{"line":59,"column":6},"end":{"line":59,"column":6}}]},"8":{"line":62,"type":"if","locations":[{"start":{"line":62,"column":6},"end":{"line":62,"column":6}},{"start":{"line":62,"column":6},"end":{"line":62,"column":6}}]},"9":{"line":73,"type":"if","locations":[{"start":{"line":73,"column":4},"end":{"line":73,"column":4}},{"start":{"line":73,"column":4},"end":{"line":73,"column":4}}]},"10":{"line":91,"type":"if","locations":[{"start":{"line":91,"column":6},"end":{"line":91,"column":6}},{"start":{"line":91,"column":6},"end":{"line":91,"column":6}}]},"11":{"line":93,"type":"if","locations":[{"start":{"line":93,"column":8},"end":{"line":93,"column":8}},{"start":{"line":93,"column":8},"end":{"line":93,"column":8}}]},"12":{"line":93,"type":"binary-expr","locations":[{"start":{"line":93,"column":12},"end":{"line":93,"column":30}},{"start":{"line":93,"column":34},"end":{"line":93,"column":52}},{"start":{"line":94,"column":10},"end":{"line":94,"column":27}},{"start":{"line":94,"column":31},"end":{"line":94,"column":52}}]},"13":{"line":102,"type":"if","locations":[{"start":{"line":102,"column":8},"end":{"line":102,"column":8}},{"start":{"line":102,"column":8},"end":{"line":102,"column":8}}]},"14":{"line":108,"type":"if","locations":[{"start":{"line":108,"column":4},"end":{"line":108,"column":4}},{"start":{"line":108,"column":4},"end":{"line":108,"column":4}}]},"15":{"line":120,"type":"if","locations":[{"start":{"line":120,"column":2},"end":{"line":120,"column":2}},{"start":{"line":120,"column":2},"end":{"line":120,"column":2}}]},"16":{"line":120,"type":"binary-expr","locations":[{"start":{"line":120,"column":6},"end":{"line":120,"column":28}},{"start":{"line":120,"column":32},"end":{"line":120,"column":53}}]},"17":{"line":122,"type":"if","locations":[{"start":{"line":122,"column":4},"end":{"line":122,"column":4}},{"start":{"line":122,"column":4},"end":{"line":122,"column":4}}]},"18":{"line":123,"type":"if","locations":[{"start":{"line":123,"column":4},"end":{"line":123,"column":4}},{"start":{"line":123,"column":4},"end":{"line":123,"column":4}}]},"19":{"line":126,"type":"if","locations":[{"start":{"line":126,"column":4},"end":{"line":126,"column":4}},{"start":{"line":126,"column":4},"end":{"line":126,"column":4}}]},"20":{"line":127,"type":"if","locations":[{"start":{"line":127,"column":4},"end":{"line":127,"column":4}},{"start":{"line":127,"column":4},"end":{"line":127,"column":4}}]},"21":{"line":136,"type":"if","locations":[{"start":{"line":136,"column":2},"end":{"line":136,"column":2}},{"start":{"line":136,"column":2},"end":{"line":136,"column":2}}]},"22":{"line":138,"type":"if","locations":[{"start":{"line":138,"column":4},"end":{"line":138,"column":4}},{"start":{"line":138,"column":4},"end":{"line":138,"column":4}}]},"23":{"line":139,"type":"if","locations":[{"start":{"line":139,"column":4},"end":{"line":139,"column":4}},{"start":{"line":139,"column":4},"end":{"line":139,"column":4}}]},"24":{"line":141,"type":"if","locations":[{"start":{"line":141,"column":4},"end":{"line":141,"column":4}},{"start":{"line":141,"column":4},"end":{"line":141,"column":4}}]},"25":{"line":141,"type":"binary-expr","locations":[{"start":{"line":141,"column":8},"end":{"line":141,"column":25}},{"start":{"line":141,"column":29},"end":{"line":141,"column":45}}]},"26":{"line":144,"type":"if","locations":[{"start":{"line":144,"column":6},"end":{"line":144,"column":6}},{"start":{"line":144,"column":6},"end":{"line":144,"column":6}}]},"27":{"line":155,"type":"if","locations":[{"start":{"line":155,"column":4},"end":{"line":155,"column":4}},{"start":{"line":155,"column":4},"end":{"line":155,"column":4}}]},"28":{"line":159,"type":"if","locations":[{"start":{"line":159,"column":4},"end":{"line":159,"column":4}},{"start":{"line":159,"column":4},"end":{"line":159,"column":4}}]},"29":{"line":187,"type":"if","locations":[{"start":{"line":187,"column":4},"end":{"line":187,"column":4}},{"start":{"line":187,"column":4},"end":{"line":187,"column":4}}]},"30":{"line":193,"type":"if","locations":[{"start":{"line":193,"column":4},"end":{"line":193,"column":4}},{"start":{"line":193,"column":4},"end":{"line":193,"column":4}}]},"31":{"line":205,"type":"binary-expr","locations":[{"start":{"line":205,"column":8},"end":{"line":205,"column":30}},{"start":{"line":205,"column":34},"end":{"line":205,"column":35}}]},"32":{"line":206,"type":"binary-expr","locations":[{"start":{"line":206,"column":8},"end":{"line":206,"column":30}},{"start":{"line":206,"column":34},"end":{"line":206,"column":35}}]},"33":{"line":212,"type":"if","locations":[{"start":{"line":212,"column":2},"end":{"line":212,"column":2}},{"start":{"line":212,"column":2},"end":{"line":212,"column":2}}]},"34":{"line":214,"type":"cond-expr","locations":[{"start":{"line":214,"column":37},"end":{"line":214,"column":45}},{"start":{"line":214,"column":48},"end":{"line":214,"column":56}}]},"35":{"line":215,"type":"if","locations":[{"start":{"line":215,"column":4},"end":{"line":215,"column":4}},{"start":{"line":215,"column":4},"end":{"line":215,"column":4}}]}},"code":["'use strict'","var events = require('events')","var common = require('./common')","var strtok = require('strtok2')","var through = require('through')","var fs = require('fs')","","module.exports = function (stream, opts, callback) {","  if (typeof opts === 'function') {","    callback = opts","    opts = {}","  }","","  var emitter = new events.EventEmitter()","","  var fsize = function (cb) {","    if (opts.fileSize) {","      process.nextTick(function () {","        cb(opts.fileSize)","      })","    } else if (stream.hasOwnProperty('path')) {","      fs.stat(stream.path, function (err, stats) {","        if (err) throw err","        cb(stats.size)","      })","    } else if (stream.hasOwnProperty('fileSize')) {","      stream.fileSize(cb)","    } else if (opts.duration) {","      emitter.emit(","        'done',","        new Error('for non file streams, specify the size of the stream with a fileSize option'))","    }","  }","","  // pipe to an internal stream so we aren't messing","  // with the stream passed to us by our users","  var istream = stream.pipe(through(null, null, {autoDestroy: false}))","","  var metadata = {","    title: '',","    artist: [],","    albumartist: [],","    album: '',","    year: '',","    track: { no: 0, of: 0 },","    genre: [],","    disk: { no: 0, of: 0 },","    picture: [],","    duration: 0","  }","","  var aliased = {}","","  var hasReadData = false","  istream.once('data', function (result) {","    hasReadData = true","    var parser = common.getParserForMediaType(headerTypes, result)","    parser(istream, function (event, value) {","      if (value === null) return","      var alias = lookupAlias(event)","      // emit original event & value","      if (event !== alias) {","        emitter.emit(event, value)","      }","      buildAliases(alias, event, value, aliased)","    }, done, opts.hasOwnProperty('duration'), fsize)","    // re-emitting the first data chunk so the","    // parser picks the stream up from the start","    istream.emit('data', result)","  })","","  istream.on('end', function () {","    if (!hasReadData) {","      done(new Error('Could not read any data from this stream'))","    }","  })","","  istream.on('close', onClose)","","  function onClose () {","    done(new Error('Unexpected end of stream'))","  }","","  function done (exception) {","    istream.removeListener('close', onClose)","","    // We only emit aliased events once the 'done' event has been raised,","    // this is because an alias like 'artist' could have values split","    // over many data chunks.","    for (var _alias in aliased) {","      if (aliased.hasOwnProperty(_alias)) {","        var val","        if (_alias === 'title' || _alias === 'album' ||","          _alias === 'year' || _alias === 'duration') {","          val = aliased[_alias][0]","        } else {","          val = aliased[_alias]","        }","","        emitter.emit(_alias, val)","","        if (metadata.hasOwnProperty(_alias)) {","          metadata[_alias] = val","        }","      }","    }","","    if (callback) {","      callback(exception, metadata)","    }","    return strtok.DONE","  }","","  return emitter","}","","function buildAliases (alias, event, value, aliased) {","  // we need to do something special for these events","  var cleaned","  if (event === 'TRACKTOTAL' || event === 'DISCTOTAL') {","    var evt","    if (event === 'TRACKTOTAL') evt = 'track'","    if (event === 'DISCTOTAL') evt = 'disk'","","    cleaned = parseInt(value, 10)","    if (isNaN(cleaned)) cleaned = 0","    if (!aliased.hasOwnProperty(evt)) {","      aliased[evt] = { no: 0, of: cleaned }","    } else {","      aliased[evt].of = cleaned","    }","  }","","  // if the event has been aliased then we need to clean it before","  // it is emitted to the user. e.g. genre (20) -> Electronic","  if (alias) {","    cleaned = value","    if (alias === 'genre') cleaned = common.parseGenre(value)","    if (alias === 'picture') cleaned = cleanupPicture(value)","","    if (alias === 'track' || alias === 'disk') {","      cleaned = cleanupTrack(value)","","      if (aliased[alias]) {","        aliased[alias].no = cleaned.no","        return","      } else {","        aliased[alias] = cleaned","        return","      }","    }","","    // if we haven't previously seen this tag then","    // initialize it to an array, ready for values to be entered","    if (!aliased.hasOwnProperty(alias)) {","      aliased[alias] = []","    }","","    if (cleaned.constructor === Array) {","      aliased[alias] = cleaned","    } else {","      aliased[alias].push(cleaned)","    }","  }","}","","function lookupAlias (event) {","  // mappings for common metadata types(id3v2.3, id3v2.2, id4, vorbis, APEv2)","  var mappings = [","    ['title', 'TIT2', 'TT2', '©nam', 'TITLE', 'Title'],","    ['artist', 'TPE1', 'TP1', '©ART', 'ARTIST', 'Author'],","    ['albumartist', 'TPE2', 'TP2', 'aART', 'ALBUMARTIST', 'ENSEMBLE', 'WM/AlbumArtist'],","    ['album', 'TALB', 'TAL', '©alb', 'ALBUM', 'WM/AlbumTitle'],","    ['year', 'TDRC', 'TYER', 'TYE', '©day', 'DATE', 'Year', 'WM/Year'],","    ['comment', 'COMM', 'COM', '©cmt', 'COMMENT'],","    ['track', 'TRCK', 'TRK', 'trkn', 'TRACKNUMBER', 'Track', 'WM/TrackNumber'],","    ['disk', 'TPOS', 'TPA', 'disk', 'DISCNUMBER', 'Disk'],","    ['genre', 'TCON', 'TCO', '©gen', 'gnre', 'GENRE', 'WM/Genre'],","    ['picture', 'APIC', 'PIC', 'covr', 'METADATA_BLOCK_PICTURE', 'Cover Art (Front)',","    'Cover Art (Back)'],","    ['composer', 'TCOM', 'TCM', '©wrt', 'COMPOSER'],","    ['duration'],","    ['lyrics', 'SYLT']","  ]","","  return mappings.reduce(function (a, b) {","    if (a !== undefined) return a","","    var hasAlias = b.map(function (val) {","      return val.toUpperCase()","    }).indexOf(event.toUpperCase())","","    if (hasAlias > -1) {","      return b[0]","    }","  }, undefined)","}","","// TODO: a string of 1of1 would fail to be converted","// converts 1/10 to no : 1, of : 10","// or 1 to no : 1, of : 0","function cleanupTrack (origVal) {","  var split = origVal.toString().split('/')","  return {","    no: parseInt(split[0], 10) || 0,","    of: parseInt(split[1], 10) || 0","  }","}","","function cleanupPicture (picture) {","  var newFormat","  if (picture.format) {","    var split = picture.format.toLowerCase().split('/')","    newFormat = (split.length > 1) ? split[1] : split[0]","    if (newFormat === 'jpeg') newFormat = 'jpg'","  } else {","    newFormat = 'jpg'","  }","  return { format: newFormat, data: picture.data }","}","","var headerTypes = [","  {","    buf: common.asfGuidBuf,","    tag: require('./asf')","  },","  {","    buf: new Buffer('ID3'),","    tag: require('./id3v2')","  },","  {","    buf: new Buffer('ftypM4A'),","    tag: require('./id4'),","    offset: 4","  },","  {","    buf: new Buffer('ftypmp42'),","    tag: require('./id4'),","    offset: 4","  },","  {","    buf: new Buffer('OggS'),","    tag: require('./ogg')","  },","  {","    buf: new Buffer('fLaC'),","    tag: require('./flac')","  },","  {","    buf: new Buffer('MAC'),","    tag: require('./monkeysaudio')","  }","]",""],"l":{"2":1,"3":1,"4":1,"5":1,"6":1,"8":1,"9":0,"10":0,"11":0,"14":0,"16":0,"17":0,"18":0,"19":0,"21":0,"22":0,"23":0,"24":0,"26":0,"27":0,"28":0,"29":0,"37":0,"39":0,"52":0,"54":0,"55":0,"56":0,"57":0,"58":0,"59":0,"60":0,"62":0,"63":0,"65":0,"69":0,"72":0,"73":0,"74":0,"78":0,"80":1,"81":0,"84":1,"85":0,"90":0,"91":0,"92":0,"93":0,"95":0,"97":0,"100":0,"102":0,"103":0,"108":0,"109":0,"111":0,"114":0,"117":1,"119":0,"120":0,"121":0,"122":0,"123":0,"125":0,"126":0,"127":0,"128":0,"130":0,"136":0,"137":0,"138":0,"139":0,"141":0,"142":0,"144":0,"145":0,"146":0,"148":0,"149":0,"155":0,"156":0,"159":0,"160":0,"162":0,"167":1,"169":0,"186":0,"187":0,"189":0,"190":0,"193":0,"194":0,"202":1,"203":0,"204":0,"210":1,"211":0,"212":0,"213":0,"214":0,"215":0,"217":0,"219":0,"222":1}},"/home/travis/build/npmtest/node-npmtest-musicmetadata/node_modules/musicmetadata/lib/common.js":{"path":"/home/travis/build/npmtest/node-npmtest-musicmetadata/node_modules/musicmetadata/lib/common.js","s":{"1":1,"2":1,"3":1,"4":1,"5":1,"6":1,"7":0,"8":0,"9":0,"10":0,"11":0,"12":0,"13":1,"14":0,"15":0,"16":1,"17":0,"18":0,"19":0,"20":1,"21":0,"22":0,"23":0,"24":0,"25":0,"26":0,"27":0,"28":0,"29":0,"30":0,"31":0,"32":0,"33":0,"34":0,"35":1,"36":0,"37":0,"38":0,"39":0,"40":0,"41":0,"42":0,"43":0,"44":0,"45":0,"46":1,"47":0,"48":0,"49":0,"50":0,"51":0,"52":0,"53":0,"54":0,"55":0,"56":0,"57":0,"58":0,"59":1,"60":0,"61":0,"62":0,"63":0,"64":0,"65":1,"66":0,"67":0,"68":0,"69":0,"70":0,"71":0,"72":0,"73":0,"74":1,"75":0,"76":0,"77":0,"78":0,"79":0,"80":0,"81":0,"82":1,"83":0,"84":0,"85":0,"86":0,"87":0,"88":0,"89":0,"90":0,"91":0,"92":1,"93":0,"94":0,"95":0,"96":0,"97":0,"98":0,"99":0,"100":0,"101":0,"102":0,"103":1,"104":0,"105":0,"106":0,"107":1,"108":0,"109":1,"110":0,"111":1,"112":0,"113":1,"114":1},"b":{"1":[0,0],"2":[0,0],"3":[0,0],"4":[0,0],"5":[0,0],"6":[0,0],"7":[0,0],"8":[0,0],"9":[0,0],"10":[0,0],"11":[0,0],"12":[0,0],"13":[0,0],"14":[0,0],"15":[0,0],"16":[0,0],"17":[0,0],"18":[0,0,0,0],"19":[0,0],"20":[0,0],"21":[0,0],"22":[0,0],"23":[0,0],"24":[0,0]},"f":{"1":0,"2":0,"3":0,"4":0,"5":0,"6":0,"7":0,"8":0,"9":0,"10":0,"11":0,"12":0,"13":0,"14":0,"15":0,"16":0,"17":0},"fnMap":{"1":{"name":"(anonymous_1)","line":12,"loc":{"start":{"line":12,"column":32},"end":{"line":12,"column":57}}},"2":{"name":"(anonymous_2)","line":25,"loc":{"start":{"line":25,"column":26},"end":{"line":25,"column":54}}},"3":{"name":"done","line":28,"loc":{"start":{"line":28,"column":2},"end":{"line":28,"column":19}}},"4":{"name":"(anonymous_4)","line":35,"loc":{"start":{"line":35,"column":28},"end":{"line":35,"column":46}}},"5":{"name":"(anonymous_5)","line":58,"loc":{"start":{"line":58,"column":28},"end":{"line":58,"column":46}}},"6":{"name":"(anonymous_6)","line":74,"loc":{"start":{"line":74,"column":19},"end":{"line":74,"column":59}}},"7":{"name":"(anonymous_7)","line":91,"loc":{"start":{"line":91,"column":14},"end":{"line":91,"column":29}}},"8":{"name":"swapBytes","line":100,"loc":{"start":{"line":100,"column":0},"end":{"line":100,"column":28}}},"9":{"name":"(anonymous_9)","line":113,"loc":{"start":{"line":113,"column":48},"end":{"line":113,"column":66}}},"10":{"name":"(anonymous_10)","line":124,"loc":{"start":{"line":124,"column":23},"end":{"line":124,"column":51}}},"11":{"name":"(anonymous_11)","line":142,"loc":{"start":{"line":142,"column":21},"end":{"line":142,"column":40}}},"12":{"name":"(anonymous_12)","line":145,"loc":{"start":{"line":145,"column":12},"end":{"line":145,"column":27}}},"13":{"name":"(anonymous_13)","line":157,"loc":{"start":{"line":157,"column":12},"end":{"line":157,"column":27}}},"14":{"name":"(anonymous_14)","line":161,"loc":{"start":{"line":161,"column":21},"end":{"line":161,"column":36}}},"15":{"name":"(anonymous_15)","line":169,"loc":{"start":{"line":169,"column":7},"end":{"line":169,"column":27}}},"16":{"name":"(anonymous_16)","line":176,"loc":{"start":{"line":176,"column":7},"end":{"line":176,"column":32}}},"17":{"name":"(anonymous_17)","line":183,"loc":{"start":{"line":183,"column":7},"end":{"line":183,"column":27}}}},"statementMap":{"1":{"start":{"line":2,"column":0},"end":{"line":2,"column":31}},"2":{"start":{"line":3,"column":0},"end":{"line":3,"column":33}},"3":{"start":{"line":4,"column":0},"end":{"line":4,"column":56}},"4":{"start":{"line":6,"column":0},"end":{"line":9,"column":2}},"5":{"start":{"line":10,"column":0},"end":{"line":10,"column":31}},"6":{"start":{"line":12,"column":0},"end":{"line":23,"column":1}},"7":{"start":{"line":13,"column":2},"end":{"line":20,"column":3}},"8":{"start":{"line":14,"column":4},"end":{"line":14,"column":23}},"9":{"start":{"line":15,"column":4},"end":{"line":15,"column":33}},"10":{"start":{"line":16,"column":4},"end":{"line":19,"column":5}},"11":{"start":{"line":18,"column":6},"end":{"line":18,"column":21}},"12":{"start":{"line":22,"column":2},"end":{"line":22,"column":27}},"13":{"start":{"line":25,"column":0},"end":{"line":33,"column":1}},"14":{"start":{"line":26,"column":2},"end":{"line":26,"column":24}},"15":{"start":{"line":27,"column":2},"end":{"line":27,"column":26}},"16":{"start":{"line":28,"column":2},"end":{"line":32,"column":3}},"17":{"start":{"line":29,"column":4},"end":{"line":29,"column":38}},"18":{"start":{"line":30,"column":4},"end":{"line":30,"column":40}},"19":{"start":{"line":31,"column":4},"end":{"line":31,"column":14}},"20":{"start":{"line":35,"column":0},"end":{"line":56,"column":1}},"21":{"start":{"line":36,"column":2},"end":{"line":36,"column":18}},"22":{"start":{"line":37,"column":2},"end":{"line":37,"column":16}},"23":{"start":{"line":39,"column":2},"end":{"line":39,"column":62}},"24":{"start
[...]
umn":2},"end":{"line":43,"column":22}},"26":{"start":{"line":44,"column":2},"end":{"line":44,"column":42}},"27":{"start":{"line":47,"column":0},"end":{"line":73,"column":1}},"28":{"start":{"line":48,"column":2},"end":{"line":70,"column":3}},"29":{"start":{"line":49,"column":4},"end":{"line":49,"column":39}},"30":{"start":{"line":50,"column":4},"end":{"line":50,"column":28}},"31":{"start":{"line":51,"column":4},"end":{"line":51,"column":47}},"32":{"start":{"line":52,"column":4},"end":{"line":52,"column":15}},"33":{"start":{"line":53,"column":4},"end":{"line":53,"column":13}},"34":{"start":{"line":54,"column":4},"end":{"line":54,"column":9}},"35":{"start":{"line":56,"column":4},"end":{"line":60,"column":5}},"36":{"start":{"line":57,"column":6},"end":{"line":57,"column":40}},"37":{"start":{"line":58,"column":6},"end":{"line":58,"column":32}},"38":{"start":{"line":59,"column":6},"end":{"line":59,"column":48}},"39":{"start":{"line":61,"column":9},"end":{"line":70,"column":3}},"40":{"start":{"line":62,"column":4},"end":{"line":62,"column":48}},"41":{"start":{"line":63,"column":4},"end":{"line":63,"column":47}},"42":{"start":{"line":64,"column":9},"end":{"line":70,"column":3}},"43":{"start":{"line":65,"column":4},"end":{"line":65,"column":32}},"44":{"start":{"line":65,"column":26},"end":{"line":65,"column":32}},"45":{"start":{"line":66,"column":4},"end":{"line":66,"column":62}},"46":{"start":{"line":67,"column":4},"end":{"line":67,"column":44}},"47":{"start":{"line":68,"column":4},"end":{"line":68,"column":44}},"48":{"start":{"line":69,"column":4},"end":{"line":69,"column":34}},"49":{"start":{"line":72,"column":2},"end":{"line":72,"column":32}},"50":{"start":{"line":75,"column":0},"end":{"line":77,"column":1}},"51":{"start":{"line":76,"column":2},"end":{"line":76,"column":43}},"52":{"start":{"line":79,"column":0},"end":{"line":98,"column":1}},"53":{"start":{"line":81,"column":4},"end":{"line":85,"column":5}},"54":{"start":{"line":86,"column":4},"end":{"line":91,"column":5}},"55":{"start":{"line":87,"column":6},"end":{"line":87,"column":12}},"56":{"start":{"line":88,"column":6},"end":{"line":88,"column":26}},"57":{"start":{"line":90,"column":6},"end":{"line":90,"column":29}},"58":{"start":{"line":93,"column":4},"end":{"line":93,"column":80}},"59":{"start":{"line":96,"column":4},"end":{"line":96,"column":35}},"60":{"start":{"line":100,"column":0},"end":{"line":110,"column":1}},"61":{"start":{"line":102,"column":4},"end":{"line":104,"column":5}},"62":{"start":{"line":103,"column":6},"end":{"line":103,"column":63}},"63":{"start":{"line":105,"column":4},"end":{"line":105,"column":27}},"64":{"start":{"line":108,"column":4},"end":{"line":108,"column":35}},"65":{"start":{"line":112,"column":0},"end":{"line":119,"column":1}},"66":{"start":{"line":114,"column":4},"end":{"line":114,"column":18}},"67":{"start":{"line":117,"column":4},"end":{"line":117,"column":22}}},"branchMap":{"1":{"line":48,"type":"if","locations":[{"start":{"line":48,"column":2},"end":{"line":48,"column":2}},{"start":{"line":48,"column":2},"end":{"line":48,"column":2}}]},"2":{"line":61,"type":"if","locations":[{"start":{"line":61,"column":9},"end":{"line":61,"column":9}},{"start":{"line":61,"column":9},"end":{"line":61,"column":9}}]},"3":{"line":64,"type":"if","locations":[{"start":{"line":64,"column":9},"end":{"line":64,"column":9}},{"start":{"line":64,"column":9},"end":{"line":64,"column":9}}]},"4":{"line":65,"type":"if","locations":[{"start":{"line":65,"column":4},"end":{"line":65,"column":4}},{"start":{"line":65,"column":4},"end":{"line":65,"column":4}}]},"5":{"line":86,"type":"cond-expr","locations":[{"start":{"line":86,"column":51},"end":{"line":89,"column":5}},{"start":{"line":89,"column":8},"end":{"line":91,"column":5}}]},"6":{"line":102,"type":"if","locations":[{"start":{"line":102,"column":4},"end":{"line":102,"column":4}},{"start":{"line":102,"column":4},"end":{"line":102,"column":4}}]}},"code":["'use strict'","var strtok = require('strtok2')","var common = require('./common')","","module.exports = function (stream, callback, done) {","  var currentState = startState","","  strtok.parse(stream, function (v, cb) {","    currentState = currentState.parse(callback, v, done)","    return currentState.getExpectedType()","  })","}","","var DataDecoder = function (data) {","  this.data = data","  this.offset = 0","}","","DataDecoder.prototype.readInt32 = function () {","  var value = strtok.UINT32_LE.get(this.data, this.offset)","  this.offset += 4","  return value","}","","DataDecoder.prototype.readStringUtf8 = function () {","  var len = this.readInt32()","  var value = this.data.toString('utf8', this.offset, this.offset + len)","  this.offset += len","  return value","}","","var finishedState = {","  parse: function (callback) {","    return this","  },","  getExpectedType: function () {","    return strtok.DONE","  }","}","","var BlockDataState = function (type, length, nextStateFactory) {","  this.type = type","  this.length = length","  this.nextStateFactory = nextStateFactory","}","","BlockDataState.prototype.parse = function (callback, data) {","  if (this.type === 4) {","    var decoder = new DataDecoder(data)","    decoder.readStringUtf8() // vendor (skip)","    var commentListLength = decoder.readInt32()","    var comment","    var split","    var i","","    for (i = 0; i < commentListLength; i++) {","      comment = decoder.readStringUtf8()","      split = comment.split('=')","      callback(split[0].toUpperCase(), split[1])","    }","  } else if (this.type === 6) {","    var picture = common.readVorbisPicture(data)","    callback('METADATA_BLOCK_PICTURE', picture)","  } else if (this.type === 0) { // METADATA_BLOCK_STREAMINFO","    if (data.length < 34) return // invalid streaminfo","    var sampleRate = common.strtokUINT24_BE.get(data, 10) >> 4","    var totalSamples = data.readUInt32BE(14)","    var duration = totalSamples / sampleRate","    callback('duration', duration)","  }","","  return this.nextStateFactory()","}","","BlockDataState.prototype.getExpectedType = function () {","  return new strtok.BufferType(this.length)","}","","var blockHeaderState = {","  parse: function (callback, data, done) {","    var header = {","      lastBlock: (data[0] & 0x80) === 0x80,","      type: data[0] & 0x7f,","      length: common.strtokUINT24_BE.get(data, 1)","    }","    var followingStateFactory = header.lastBlock ? function () {","      done()","      return finishedState","    } : function () {","      return blockHeaderState","    }","","    return new BlockDataState(header.type, header.length, followingStateFactory)","  },","  getExpectedType: function () {","    return new strtok.BufferType(4)","  }","}","","var idState = {","  parse: function (callback, data, done) {","    if (data.toString() !== 'fLaC') {","      done(new Error('expected flac header but was not found'))","    }","    return blockHeaderState","  },","  getExpectedType: function () {","    return new strtok.BufferType(4)","  }","}","","var startState = {","  parse: function (callback) {","    return idState","  },","  getExpectedType: function () {","    return strtok.DONE","  }","}",""],"l":{"2":1,"3":1,"5":1,"6":0,"8":0,"9":0,"10":0,"14":1,"15":0,"16":0,"19":1,"20":0,"21":0,"22":0,"25":1,"26":0,"27":0,"28":0,"29":0,"32":1,"34":0,"37":0,"41":1,"42":0,"43":0,"44":0,"47":1,"48":0,"49":0,"50":0,"51":0,"52":0,"53":0,"54":0,"56":0,"57":0,"58":0,"59":0,"61":0,"62":0,"63":0,"64":0,"65":0,"66":0,"67":0,"68":0,"69":0,"72":0,"75":1,"76":0,"79":1,"81":0,"86":0,"87":0,"88":0,"90":0,"93":0,"96":0,"100":1,"102":0,"103":0,"105":0,"108":0,"112":1,"114":0,"117":0}},"/home/travis/build/npmtest/node-npmtest-musicmetadata/node_modules/musicmetadata/lib/monkeysaudio.js":{"path":"/home/travis/build/npmtest/node-npmtest-musicmetadata/node_modules/musicmetadata/lib/monkeysaudio.js","s":{"1":1,"2":1,"3":1,"4":0,"5":0,"6":0,"7":0,"8":0,"9":0,"10":0,"11":0,"12":0,"13":0,"14":0,"15":0,"16":0,"17":0,"18":0,"19":0,"20":0,"21":0,"22":1,"23":0,"24":0,"25":0,"26":1,"27":0,"28":0,"29":0,"30":0,"31":0,"32":0,"33":0,"34":0,"35":0,"36":0,"37":0,"38":0,"39":0,"40":0,"41":0,"42":0,"43":0,"44":0,"45":0,"46":0,"47":0,"48":0,"49":0,"50":0,"51":0,"52":0,"53":0,"54":0,"55":0,"56":0,"57":0,"58":0,"59":0},"b":{"1":[0,0],"2":[0,0,0],"3":[0,0],"4":[0,0],"5":[0,0],"6":[0,0],"7":[0,0],"8":[0,0],"9":[0,0]},"f":{"1":0,"2":0,"3":0,"4":0,"5":0,"6":0,"7":0,"8":0,"9":0},"fnMap":{"1":{"name":"(anonymous_1)","line":5,"loc":{"start":{"line":5,"column":17},"end":{"line":5,"column":51}}},"2":{"name":"(anonymous_2)","line":9,"loc":{"start":{"line":9,"column":9},"end":{"line":9,"column":29}}},"3":{"name":"(anonymous_3)","line":28,"loc":{"start":{"line":28,"column":9},"end":{"line":28,"column":29}}},"4":{"name":"(anonymous_4)","line":42,"loc":{"start":{"line":42,"column":23},"end":{"line":42,"column":40}}},"5":{"name":"calculateDuration","line":74,"loc":{"start":{"line":74,"column":0},"end":{"line":74,"column":32}}},"6":{"name":"readMetadata","line":80,"loc":{"start":{"line":80,"column":0},"end":{"line":80,"column":47}}},"7":{"name":"(anonymous_7)","line":84,"loc":{"start":{"line":84,"column":20},"end":{"line":84,"column":36}}},"8":{"name":"(anonymous_8)","line":88,"loc":{"start":{"line":88,"column":33},"end":{"line":88,"column":45}}},"9":{"name":"(anonymous_9)","line":119,"loc":{"start":{"line":119,"column":23},"end":{"line":119,"column":38}}}},"statementMap":{"1":{"start":{"line":2,"column":0},"end":{"line":2,"column":32}},"2":{"start":{"line":3,"column":0},"end":{"line":3,"column":31}},"3":{"start":{"line":5,"column":0},"end":{"line":67,"column":1}},"4":{"start":{"line":6,"column":2},"end":{"line":21,"column":3}},"5":{"start":{"line":10,"column":6},"end":{"line":19,"column":7}},"6":{"start":{"line":25,"column":2},"end":{"line":40,"column":3}},"7":{"start":{"line":29,"column":6},"end":{"line":38,"column":7}},"8":{"start":{"line":42,"column":2},"end":{"line":64,"column":4}},"9":{"start":{"line":43,"column":4},"end":{"line":46,"column":5}},"10":{"start":{"line":44,"column":6},"end":{"line":44,"column":18}},"11":{"start":{"line":45,"column":6},"end":{"line":45,"column":26}},"12":{"start":{"line":48,"column":4},"end":{"line":63,"column":5}},"13":{"start":{"line":50,"column":8},"end":{"line":52,"column":9}},"14":{"start":{"line":51,"column":10},"end":{"line":51,"column":62}},"15":{"start":{"line":53,"column":8},"end":{"line":53,"column":20}},"16":{"start":{"line":54,"column":8},"end":{"line":54,"column":60}},"17":{"start":{"line":57,"column":8},"end":{"line":57,"column":20}},"18":{"start":{"line":58,"column":8},"end":{"line":58,"column":24}},"19":{"start":{"line":61,"column":8},"end":{"line":61,"column":50}},"20":{"start":{"line":62,"column":8},"end":{"line":62,"column":17}},"21":{"start":{"line":66,"column":2},"end":{"line":66,"column":45}},"22":{"start":{"line":74,"column":0},"end":{"line":78,"column":1}},"23":{"start":{"line":75,"column":2},"end":{"line":75,"column":82}},"24":{"start":{"line":76,"column":2},"end":{"line":76,"column":33}},"25":{"start":{"line":77,"column":2},"end":{"line":77,"column":33}},"26":{"start":{"line":80,"column":0},"end":{"line":143,"column":1}},"27":{"start":{"line":81,"column":2},"end":{"line":81,"column":15}},"28":{"start":{"line":84,"column":2},"end":{"line":86,"column":4}},"29":{"start":{"line":85,"column":4},"end":{"line":85,"column":19}},"30":{"start":{"line":88,"column":2},"end":{"line":142,"column":4}},"31":{"start":{"line":89,"column":4},"end":{"line":89,"column":36}},"32":{"start":{"line":90,"column":4},"end":{"line":90,"column":35}},"33":{"start":{"line":92,"column":4},"end":{"line":94,"column":5}},"34":{"start":{"line":93,"column":6},"end":{"line":93,"column":61}},"35":{"start":{"line":96,"column":4},"end":{"line":100,"column":5}},"36":{"start":{"line":103,"column":4},"end":{"line":103,"column":40}},"37":{"start":{"line":105,"column":4},"end":{"line":140,"column":5}},"38":{"start":{"line":106,"column":6},"end":{"line":106,"column":66}},"39":{"start":{"line":107,"column":6},"end":{"line":107,"column":67}},"40":{"start":{"line":108,"column":6},"end":{"line":108,"column":33}},"41":{"start":{"line":110,"column":6},"end":{"line":110,"column":63}},"42":{"start":{"line":111,"column":6},"end":{"line":111,"column":54}},"43":{"start":{"line":112,"column":6},"end":{"line":112,"column":23}},"44":{"start":{"line":114,"column":6},"end":{"line":139,"column":7}},"45":{"start":{"line":115,"column":8},"end":{"line":115,"column":67}},"46":{"start":{"line":116,"column":8},"end":{"line":116,"column":41}},"47":{"start":{"line":119,"column":8},"end":{"line":121,"column":10}},"48":{"start":{"line":120,"column":10},"end":{"line":120,"column":28}},"49":{"start":{"line":122,"column":13},"end":{"line":139,"column":7}},"50":{"start":{"line":123,"column":8},"end":{"line":138,"column":9}},"51":{"start":{"line":124,"column":10},"end":{"line":124,"column":59}},"52":{"start":{"line":126,"column":10},"end":{"line":126,"column":21}},"53":{"start":{"line":127,"column":10},"end":{"line":127,"column":62}},"54":{"start":{"line":128,"column":10},"end":{"line":128,"column":63}},"55":{"start":{"line":129,"column":10},"end":{"line":129,"column":24}},"56":{"start":{"line":131,"column":10},"end":{"line":134,"column":11}},"57":{"start":{"line":136,"column":10},"end":{"line":136,"column":24}},"58":{"start":{"line":137,"column":10},"end":{"line":137,"column":32}},"59":{"start":{"line":141,"column":4},"end":{"line":141,"column":17}}},"branchMap":{"1":{"line":43,"type":"if","locations":[{"start":{"line":43,"column":4},"end":{"line":43,"column":4}},{"start":{"line":43,"column":4},"end":{"line":43,"column":4}}]},"2":{"line":48,"type":"switch","locations":[{"start":{"line":49,"column":6},"end":{"line":54,"column":60}},{"start":{"line":56,"column":6},"end":{"line":58,"column":24}},{"start":{"line":60,"column":6},"end":{"line":62,"column":17}}]},"3":{"line":50,"type":"if","locations":[{"start":{"line":50,"column":8},"end":{"line":50,"column":8}},{"start":{"line":50,"column":8},"end":{"line":50,"column":8}}]},"4":{"line":75,"type":"cond-expr","locations":[{"start":{"line":75,"column":38},"end":{"line":75,"column":78}},{"start":{"line":75,"column":81},"end":{"line":75,"column":82}}]},"5":{"line":92,"type":"if","locations":[{"start":{"line":92,"column":4},"end":{"line":92,"column":4}},{"start":{"line":92,"column":4},"end":{"line":92,"column":4}}]},"6":{"line":114,"type":"if","locations":[{"start":{"line":114,"column":6},"end":{"line":114,"column":6}},{"start":{"line":114,"column":6},"end":{"line":114,"column":6}}]},"7":{"line":122,"type":"if","locations":[{"start":{"line":122,"column":13},"end":{"line":122,"column":13}},{"start":{"line":122,"column":13},"end":{"line":122,"column":13}}]},"8":{"line":123,"type":"if","locations":[{"start":{"line":123,"column":8},"end":{"line":123,"column":8}},{"start":{"line":123,"column":8},"end":{"line":123,"column":8}}]},"9":{"line":123,"type":"binary-expr","locations":[{"start":{"line":123,"column":12},"end":{"line":123,"column":39}},{"start":{"line":123,"column":43},"end":{"line":123,"column":69}}]}},"code":["'use strict'","var common = require('./common')","var strtok = require('strtok2')","","module.exports = function (stream, callback, done) {","  var ApeDescriptor = {","    len: 44,","","    get: function (buf, off) {","      return {","        ID: new strtok.StringType(4, 'ascii').get(buf, off),","        version: strtok.UINT32_LE.get(buf, off + 4) / 1000,","        descriptorBytes: strtok.UINT32_LE.get(buf, off + 8),","        headerDataBytes: strtok.UINT32_LE.get(buf, off + 12),","        APEFrameDataBytes: strtok.UINT32_LE.get(buf, off + 16),","        APEFrameDataBytesHigh: strtok.UINT32_LE.get(buf, off + 20),","        terminatingDataBytes: strtok.UINT32_LE.get(buf, off + 24),","        fileMD5: new strtok.BufferType(16).get(buf, 28)","      }","    }","  }","","  // headerDataBytes = 24","","  var ApeHeader = {","    len: 24,","","    get: function (buf, off) {","      return {","        compressionLevel: strtok.UINT16_LE.get(buf, off),","        formatFlags: strtok.UINT16_LE.get(buf, off + 2),","        blocksPerFrame: strtok.UINT32_LE.get(buf, off + 4),","        finalFrameBlocks: strtok.UINT32_LE.get(buf, off + 8),","        totalFrames: strtok.UINT32_LE.get(buf, off + 12),","        bitsPerSample: strtok.UINT16_LE.get(buf, off + 16),","        channel: strtok.UINT16_LE.get(buf, off + 18),","        sampleRate: strtok.UINT32_LE.get(buf, off + 20)","      }","    }","  }","","  strtok.parse(stream, function (v, cb) {","    if (v === undefined) {","      cb.state = 0","      return ApeDescriptor","    }","","    switch (cb.state) {","      case 0:","        if (v.ID !== 'MAC ') {","          throw new Error('Expected MAC on beginning of file')","        }","        cb.state = 1","        return new strtok.BufferType(v.descriptorBytes - 44)","","      case 1:","        cb.state = 2","        return ApeHeader","","      case 2:","        callback('duration', calculateDuration(v))","        return -1","    }","  })","","  return readMetadata(stream, callback, done)","}","","/**"," * Calculate the media file duration"," * @param ah ApeHeader"," * @return {number} duration in seconds"," */","function calculateDuration (ah) {","  var duration = ah.totalFrames > 1 ? ah.blocksPerFrame * (ah.totalFrames - 1) : 0","  duration += ah.finalFrameBlocks","  return duration / ah.sampleRate","}","","function readMetadata (stream, callback, done) {","  var bufs = []","","  // TODO: need to be able to parse the tag if its at the start of the file","  stream.on('data', function (data) {","    bufs.push(data)","  })","","  common.streamOnRealEnd(stream, function () {","    var buffer = Buffer.concat(bufs)","    var offset = buffer.length - 32","","    if (buffer.toString('utf8', offset, offset += 8) !== 'APETAGEX') {","      done(new Error(\"expected APE header but wasn't found\"))","    }","","    var footer = {","      version: strtok.UINT32_LE.get(buffer, offset, offset + 4),","      size: strtok.UINT32_LE.get(buffer, offset + 4, offset + 8),","      count: strtok.UINT32_LE.get(buffer, offset + 8, offset + 12)","    }","","    // go 'back' to where the 'tags' start","    offset = buffer.length - footer.size","","    for (var i = 0; i < footer.count; i++) {","      var size = strtok.UINT32_LE.get(buffer, offset, offset += 4)","      var flags = strtok.UINT32_LE.get(buffer, offset, offset += 4)","      var kind = (flags & 6) >> 1","","      var zero = common.findZero(buffer, offset, buffer.length)","      var key = buffer.toString('ascii', offset, zero)","      offset = zero + 1","","      if (kind === 0) { // utf-8 textstring","        var value = buffer.toString('utf8', offset, offset += size)","        var values = value.split(/\\x00/g)","","        /*jshint loopfunc:true */","        values.forEach(function (val) {","          callback(key, val)","        })","      } else if (kind === 1) { // binary (probably artwork)","        if (key === 'Cover Art (Front)' || key === 'Cover Art (Back)') {","          var picData = buffer.slice(offset, offset + size)","","          var off = 0","          zero = common.findZero(picData, off, picData.length)","          var description = picData.toString('utf8', off, zero)","          off = zero + 1","","          var picture = {","            description: description,","            data: new Buffer(picData.slice(off))","          }","","          offset += size","          callback(key, picture)","        }","      }","    }","    return done()","  })","}",""],"l":{"2":1,"3":1,"5":1,"6":0,"10":0,"25":0,"29":0,"42":0,"43":0,"44":0,"45":0,"48":0,"50":0,"51":0,"53":0,"54":0,"57":0,"58":0,"61":0,"62":0,"66":0,"74":1,"75":0,"76":0,"77":0,"80":1,"81":0,"84":0,"85":0,"88":0,"89":0,"90":0,"92":0,"93":0,"96":0,"103":0,"105":0,"106":0,"107":0,"108":0,"110":0,"111":0,"112":0,"114":0,"115":0,"116":0,"119":0,"120":0,"122":0,"123":0,"124":0,"126":0,"127":0,"128":0,"129":0,"131":0,"136":0,"137":0,"141":0}}}